0x20008278  52 B8 66 40 85 EB 1D C0 - 48 E1 18 C0 66 66 9B 40 R.f@....H...ff.@
0x20008288  29 5C 47 C0 00 00 E0 BF - F6 28 27 41 3E 0A 73 C0 )\G......('A>.s.
0x20008298  CD CC 87 C0 1F 45 97 41 - 5C 8F 52 C0 9A 99 83 C0 .....E.A\.R.....
0x200082A8  71 FD A4 41 C3 F5 14 C0 - 1F 85 DB 3F 3D 8A 45 41 q..A.......?=.EA
0x200082B8  0A D7 75 C0 66 66 3E 40 - 29 5C 5C 41 29 5C 71 C0 ..u.ff>@)\\A)\q.
0x200082C8  D7 A3 A4 40 AE 47 1A 41 - 00 00 60 C0 71 3D 00 40 ...@.G.A..`.q=.@
0x200082D8  00 00 60 41 E1 7A 72 C0 - CD CC 46 40 52 B8 66 41 ..`A.zr...F@R.fA
0x200082E8  7B 14 4E C0 EC 51 83 40 - B8 DE 95 41 48 E1 5E C0 {.N..Q.@...AH.^.
0x200082F8  85 EB 55 40 9A D9 96 41 - 85 EB 47 C0 E1 7A AC 40 ..U@...A..G..z.@
0x20008308  F6 E8 93 41 29 5C 2B C0 - 71 3D 38 40 15 AE 86 41 ...A)\+.q=8@...A
0x20008318  E1 7A 90 BF 0A D7 CB 3F - 3D CA 92 41 0A D7 05 C0 .z.....?=..A....
0x20008328  0A D7 CB 3F 00 00 9A 41 - 48 E1 8A BE 7B 14 16 3F ...?...AH...{..?
0x20008338  A4 B0 A5 41 00 00 60 3F - AE 47 05 40 3D 4A B9 41 ...A..`?.G.@=J.A
0x20008348  0A D7 AF 3F 52 B8 AE 3F - C3 F5 76 41 EC 51 34 40 ...?R..?..vA.Q4@
0x20008358  5C 8F 52 C0 9A 99 50 41 - AE 47 D9 3F D7 A3 C7 C0 \.R...PA.G.?....
0x20008368  5C 0F 79 41 EC 51 34 40 - E1 7A 48 C0 1F 85 77 41 \.yA.Q4@.zH...wA
0x20008378  3D 0A 3B 40 29 5C 0F BF - 15 2E 7A 41 0A D7 13 40 =.;@)\....zA...@
0x20008388  C3 F5 B0 3F 00 80 88 41 - 1F 85 DB 3F 9A 99 49 3F ...?...A...?..I?
0x20008398  C3 F5 7D 41 00 00 60 3E - 9A 99 C9 3E B8 9E 48 41 ..}A..`>...>..HA
0x200083A8  E1 7A C8 3F F6 28 20 C0 - B8 9E 17 41 3E 0A 57 3D .z.?.( ....A>.W=
0x200083B8  C3 F5 14 C0 66 66 86 40 - 85 EB 01 BF 00 00 60 BE ....ff.@......`.
0x200083C8  0A D7 9A 40 F6 28 BC BF - 3E 0A F3 3F 1F 85 8E 40 ...@.(..>..?...@
0x200083D8  0A D7 21 C0 33 33 B3 3F - 7B 14 16 41 B8 1E 1B C0 ..!.33.?{..A....
0x200083E8  85 EB 71 3F 7B 94 4A 41 - 66 66 DA BF B8 1E 45 3F ..q?{.JAff....E?
0x200083F8  A4 F0 3F 41 0A D7 21 C0 - CD CC 54 3F 0A 97 8E 41 ..?A..!...T?...A
0x20008408  15 AE D3 BF 48 E1 8A 3F - 66 26 81 41 48 E1 83 C0 ....H..?f&.AH...
0x20008418  9A 99 8A 40 F6 A8 5B 41 - EC 51 6C C0 0A D7 4B 3F ...@..[A.Ql...K?
0x20008428  7B 14 4E 41 0A D7 67 C0 - 3D 0A 2D 40 1F 05 43 41 {.NA..g.=.-@..CA
0x20008438  29 5C 96 C0 B8 1E 61 40 - 29 DC 0B 41 52 B8 66 C0 )\....a@)..AR.f.
0x20008448  85 EB 01 40 8F 42 14 41 - 7B 14 40 C0 48 E1 FA 3D ...@.B.A{.@.H..=
0x20008458  85 EB F8 40 66 66 BE BF - 7B 14 4E BF 5C 8F 7C 40 ...@ff..{.N.\.|@
0x20008468  AE 47 2F C0 E1 7A 2C C0 - AE 47 8C 40 15 AE 1B C0 .G/..z,..G.@....
0x20008478  5C 8F 0C C0 52 B8 BC 40 - F6 28 2E C0 33 33 B3 3F \...R..@.(..33.?
0x20008488  F6 28 E6 40 48 E1 0A C0 - C3 F5 94 3F A4 70 04 41 .(.@H......?.p.A
0x20008498  B8 1E 45 BF 48 E1 7A BE - B8 9E 09 41 E1 7A 3A C0 ..E.H.z....A.z:.
0x200084A8  E1 7A C8 3F E1 7A F9 40 - 7B 14 EA BF 8F C2 C1 BF .z.?.z.@{.......
0x200084B8  71 3D CD 40 B8 1E 1B C0 - CD CC F0 BF C3 F5 14 41 q=.@...........A
0x200084C8  AE 47 A1 BD 85 EB F1 BF - 15 AE A9 40 F6 28 12 C0 .G.........@.(..
0x200084D8  AE 47 21 BE F6 28 3C 40 - D7 A3 A4 BF CD CC 7E C0 .G!..(<@......~.
0x200084E8  B8 1E 45 BF B8 1E 37 C0 - CD CC 2A C0 D7 A3 6A C0 ..E...7...*...j.
0x200084F8  00 00 36 C0 52 B8 04 C0 - 9A 99 C9 C0 9A 99 65 C0 ..6.R.........e.
0x20008508  52 B8 2E C0 1F 85 9C C0 - CD CC 70 C0 00 00 8C BF R.........p.....
0x20008518  D7 A3 A4 C0 71 3D FE BF - 85 EB F1 BF 9A 99 91 BF ....q=..........
0x20008528  D7 A3 F8 BF CD CC B8 BF - F6 28 BC BF 5C 8F 0C C0 .........(..\...
0x20008538  29 5C 8F BD 5C 8F 93 C0 - A4 70 6D C0 85 EB 81 BF )\..\....pm.....
0x20008548  71 3D AA BF AE 47 21 C0 - 85 EB 81 BF 85 EB 01 C1 q=...G!.........
0x20008558  1F 85 77 C0 85 EB F1 BF - 15 2E 42 C1 48 E1 C2 C0 ..w.......B.H...
0x20008568  A4 70 B5 BF 71 BD 5E C1 - 7B 14 AB C0 7B 14 CE 3E .p..q.^.{...{..>
0x20008578  9A 99 A6 C1 71 3D 54 C0 - EC 51 5E C0 71 BD 73 C1 ....q=T..Q^.q.s.
0x20008588  0A D7 59 C0 C3 F5 68 40 - 3D 0A A6 C1 E1 7A BA C0 ..Y...h@=....z..
0x20008598  D7 A3 96 C0 EC D1 BE C1 - AE 47 AF C0 29 5C D5 C0 .........G..)\..
0x200085A8  85 2B 80 C1 33 33 BA C0 - 29 5C 0F BC 3D CA 99 C1 .+..33..)\..=...
0x200085B8  66 E6 10 C1 F6 28 04 BF - 66 26 88 C1 1F 85 B8 C0 f....(..f&......
0x200085C8  C3 F5 68 BF AE 47 8C C1 - 52 B8 A0 C0 71 3D C6 BF ..h..G..R...q=..
0x200085D8  CD CC 8E C1 7B 14 CE C0 - 8F C2 C1 BF EC 91 B2 C1 ....{...........
0x200085E8  15 AE D3 C0 3D 0A 3B C0 - C3 75 C2 C1 29 5C B2 C0 ....=.;..u..)\..
0x200085F8  F6 28 74 C0 E1 FA AF C1 - E1 7A DD C0 85 EB 0F C0 .(t......z......
0x20008608  8F 02 CE C1 66 66 C5 C0 - D7 A3 24 C0 C3 F5 B0 C1 ....ff....$.....
0x20008618  48 E1 8A C0 D7 A3 88 C0 - 1F 45 B3 C1 D7 A3 16 C0 H........E......
0x20008628  C3 F5 76 C0 0A 17 A7 C1 - 0A D7 59 C0 D7 A3 08 C0 ..v.......Y.....
0x20008638  D7 23 C4 C1 33 33 90 C0 - B8 1E 7D BF EC D1 B7 C1 .#..33....}.....
0x20008648  15 AE 29 C0 EC 51 C9 C0 - 66 66 B0 C1 7B 14 81 C0 ..)..Q..ff..{...
0x20008658  E1 7A 56 C0 F6 28 84 C1 - 9A 99 E5 BF 52 B8 D1 C0 .zV..(......R...
0x20008668  15 2E 6C C1 85 EB 1D C0 - 8F C2 97 C0 5C 8F 0C C1 ..l.........\...
0x20008678  71 3D 1C C0 CD CC D4 BF - C3 75 26 C1 D7 A3 40 BF q=.......u&...@.
0x20008688  48 E1 FA BD C3 F5 29 C1 - D7 A3 88 BF 1F 85 5B BF H.....).......[.
0x20008698  F6 28 74 C1 00 00 E0 3E - 8F C2 82 C0 E1 3A 92 C1 .(t....>.....:..
0x200086A8  85 EB 01 3F B8 1E 37 C0 - 0A 57 97 C1 7B 14 4E BE ...?..7..W..{.N.
0x200086B8  9A 99 9F C0 F6 28 84 C1 - B8 1E 7D BF 71 3D 95 C0 .....(....}.q=..
0x200086C8  9A 99 2D C1 15 AE 0D C0 - 29 5C 2B C0 D7 A3 CE C0 ..-.....)\+.....
0x200086D8  29 5C 01 C0 8F C2 25 C0 - A4 70 92 C0 29 5C 8F 3E )\....%..p..)\.>
0x200086E8  7B 14 08 C0 A4 70 6D C0 - 00 00 E0 BE 9A 99 49 40 {....pm.......I@
0x200086F8  B8 1E 8D BF 5C 8F 9A BF - 33 33 5D 40 CD CC 54 C0 ....\...33]@..T.
0x20008708  52 B8 92 3F 7B 14 EA BF - B8 1E 94 C0 85 EB 2B C0 R..?{.........+.
0x20008718  D7 A3 C0 40 00                                    ...@.           
