0x20008278  33 73 8E 41 71 3D 1C 40 - 52 B8 AE 3E 0A 97 B8 41 3s.Aq=.@R..>...A
0x20008288  71 3D A3 40 D7 A3 40 40 - 1F 85 B8 41 9A 99 B4 40 q=.@..@@...A...@
0x20008298  33 33 97 3F 9A 19 9C 41 - CD CC 62 40 15 AE 8D C0 33.?...A..b@....
0x200082A8  3D 4A 96 41 66 66 DA 40 - 33 33 89 C0 C3 75 BB 41 =J.Aff.@33...u.A
0x200082B8  33 33 AC 40 AE 47 59 BF - 9A 19 87 41 15 AE 53 40 33.@.GY....A..S@
0x200082C8  3D 0A 83 3F C3 F5 29 41 - E1 7A 2C 40 3E 0A 73 40 =..?..)A.z,@>.s@
0x200082D8  0A 57 09 41 71 3D E2 3F - 66 66 DA BF EC 51 50 40 .W.Aq=.?ff...QP@
0x200082E8  29 5C FF 3F D7 A3 C0 3E - 85 EB 96 40 E1 7A E4 3F )\.?...>...@.z.?
0x200082F8  9A 99 C9 BE 9A 19 07 41 - F6 28 2E 40 B8 1E 45 3E .......A.(.@..E>
0x20008308  8F C2 41 41 CD CC 7E 40 - CD CC C6 40 66 E6 56 41 ..AA..~@...@f.VA
0x20008318  85 EB 71 40 7B 14 E3 40 - 33 B3 36 41 29 5C 8F BD ..q@{..@3.6A)\..
0x20008328  29 5C 96 40 B8 9E 79 41 - A4 70 ED 3E 3D 0A BB 40 )\.@..yA.p.>=..@
0x20008338  00 80 32 41 3D 0A 1F 3F - E1 7A 02 40 29 DC 04 41 ..2A=..?.z.@)..A
0x20008348  D7 A3 F8 3F 3D 0A 11 41 - B8 1E DA 40 00 00 1A 40 ...?=..A...@...@
0x20008358  00 00 AF 40 E1 7A AC 40 - AE 47 21 3F EC 51 BB 40 ...@.z.@.G!?.Q.@
0x20008368  A4 70 19 40 7B 14 81 40 - F6 28 A0 BF 71 3D 00 41 .p.@{..@.(..q=.A
0x20008378  F6 28 20 40 5C 8F 7C 40 - D7 23 2F 41 66 66 F6 3F .( @\.|@.#/Aff.?
0x20008388  29 5C 39 40 C3 F5 53 41 - 3D 0A 83 3F 7B 14 D5 40 )\9@..SA=..?{..@
0x20008398  8F 42 14 41 33 33 17 40 - C3 F5 68 BE C3 F5 0D 41 .B.A33.@..h....A
0x200083A8  D7 A3 F8 3F 0A D7 93 BE - AE 47 0C 41 48 E1 8A 3E ...?.....G.AH..>
0x200083B8  5C 8F 1A 3F EC 51 98 40 - 3D 0A 9F BF E1 7A DD 40 \..?.Q.@=....z.@
0x200083C8  5C 8F E0 40 3D 0A 3B C0 - 71 BD 26 41 0A D7 2F 41 \..@=.;.q.&A../A
0x200083D8  85 EB 39 40 0A D7 85 40 - CD CC 7E 41 F6 28 A0 BF ..9@...@..~A.(..
0x200083E8  48 E1 6C 40 A4 70 51 41 - B8 1E 0D 3F 7B 14 96 40 H.l@.pQA...?{..@
0x200083F8  B8 1E 22 41 0A D7 9A C0 - D7 A3 08 40 33 B3 59 41 .."A.......@3.YA
0x20008408  00 00 A1 C0 00 00 6E 40 - 66 E6 4F 41 15 AE 45 C0 ......n@f.OA..E.
0x20008418  F6 28 A0 3F D7 A3 08 41 - EC D1 22 C1 33 33 B3 40 .(.?...A..".33.@
0x20008428  15 AE B7 40 0A D7 E7 C0 - 0A D7 75 40 7B 94 04 41 ...@......u@{..A
0x20008438  33 33 C8 C0 9A 99 11 40 - 52 B8 B5 40 C3 F5 30 C0 33.....@R..@..0.
0x20008448  48 E1 7A 40 48 E1 AD 40 - 33 33 33 BE EC 51 50 3F H.z@H..@333..QP?
0x20008458  EC 51 E5 40 7B 14 16 40 - 3E 0A D7 3C 9A 99 D7 40 .Q.@{..@>..<...@
0x20008468  C3 F5 22 40 F6 28 74 BF - 33 33 97 40 AE 47 59 BF .."@.(t.33.@.GY.
0x20008478  85 EB 9D 3F 00 00 AF 40 - F6 28 BC BE 0A D7 93 BE ...?...@.(......
0x20008488  29 5C 1D 40 9A 99 57 C0 - 0A D7 E7 3F F6 28 84 40 )\.@..W....?.(.@
0x20008498  66 66 30 C0 5C 8F 1A BF - EC 51 98 3F CD CC B8 BF ff0.\....Q.?....
0x200084A8  00 00 00 00 B8 1E C5 3E - 9A 99 03 C0 CD CC 0E C0 .......>........
0x200084B8  71 3D 0E C0 8F C2 17 C0 - 33 33 5D C0 48 E1 FA BF q=......33].H...
0x200084C8  7B 14 40 C0 66 66 22 C0 - 3E 0A D7 BF 48 E1 FA BF {.@.ff".>...H...
0x200084D8  00 00 1A C0 85 EB 1D C0 - 48 E1 6C C0 52 B8 92 BF ........H.l.R...
0x200084E8  3E 0A D7 BF 33 33 33 C0 - A4 70 5F C0 9A 99 73 C0 >...333..p_...s.
0x200084F8  CD CC 1C C0 B8 1E E1 BF - F6 28 A0 C0 F6 28 4A C0 .........(...(J.
0x20008508  CD CC 54 C0 B8 1E EF C0 - D7 A3 AB C0 52 B8 A7 C0 ..T.........R...
0x20008518  33 33 F9 C0 B8 1E B7 C0 - 33 33 89 C0 CD 4C 92 C1 33......33...L..
0x20008528  52 38 0F C1 1F 85 C6 C0 - 33 33 2C C1 EC 51 D0 C0 R8......33,..Q..
0x20008538  AE 47 E7 C0 00 40 AD C1 - 5C 8F 2F C1 CD CC 07 C1 .G...@..\./.....
0x20008548  8F 02 81 C1 00 80 2B C1 - B8 1E E1 C0 CD CC 62 C1 ......+.......b.
0x20008558  7B 14 F8 C0 15 2E 11 C1 - AE 47 21 C1 52 B8 D1 C0 {........G!.R...
0x20008568  00 00 AF C0 15 AE FD C0 - 1F 85 CD C0 B8 1E 37 C0 ..............7.
0x20008578  48 E1 42 C1 29 5C E3 C0 - 71 3D C6 C0 52 38 7F C1 H.B.)\..q=..R8..
0x20008588  B8 1E E8 C0 CD CC C6 C0 - 71 3D 9C C1 AE 47 21 C1 ........q=...G!.
0x20008598  5C 8F B6 C0 0A D7 8C C1 - 00 00 13 C1 A4 70 A0 C0 \............p..
0x200085A8  33 33 BA C1 D7 23 44 C1 - E1 7A AC BF C3 75 8A C1 33...#D..z...u..
0x200085B8  EC 51 0A C1 3D 0A 1F BF - 48 61 9C C1 E1 7A 1E C1 .Q..=...Ha...z..
0x200085C8  B8 1E 7D 3F 85 EB 8F C1 - 66 66 1B C1 85 EB 81 3E ..}?....ff.....>
0x200085D8  48 E1 73 C1 D7 23 1A C1 - 52 B8 2E 3F 66 E6 82 C1 H.s..#..R..?f...
0x200085E8  5C 8F F5 C0 B8 1E 0D BF - 29 1C 98 C1 3D 0A 0A C1 \.......)...=...
0x200085F8  33 33 CF BF 85 AB AD C1 - E1 FA 21 C1 B8 1E C5 3E 33........!....>
0x20008608  33 B3 A8 C1 48 E1 26 C1 - D7 A3 6A C0 A4 B0 89 C1 3...H.&...j.....
0x20008618  F6 A8 15 C1 8F C2 B3 C0 - 00 80 81 C1 15 2E 18 C1 ................
0x20008628  CD CC F7 C0 3D 8A 4C C1 - CD CC E9 C0 3D 0A AD C0 ....=.L.....=...
0x20008638  C3 F5 7D C1 15 AE EF C0 - D7 A3 C7 C0 E1 7A 5D C1 ..}..........z].
0x20008648  66 66 E1 C0 0A D7 21 C0 - 48 61 77 C1 33 33 E4 C0 ff....!.Haw.33..
0x20008658  8F C2 5D C0 52 B8 6D C1 - 85 EB C0 C0 A4 70 BC C0 ..].R.m......p..
0x20008668  48 E1 49 C1 A4 70 BC C0 - 00 00 1A C0 7B 94 4A C1 H.I..p......{.J.
0x20008678  52 B8 99 C0 52 B8 AE BF - 85 EB 5C C1 33 33 9E C0 R...R.....\.33..
0x20008688  48 E1 0A 3F EC D1 37 C1 - F6 28 74 C0 E1 7A E4 3E H..?..7..(t..z.>
0x20008698  85 EB 0F C1 D7 A3 96 C0 - 8F C2 A5 BE 66 E6 41 C1 ............f.A.
0x200086A8  8F C2 C8 C0 3E 0A 57 BF - 85 6B 75 C1 B8 1E BE C0 ....>.W..ku.....
0x200086B8  29 5C 8F 3C 1F 85 31 C1 - 7B 14 D5 C0 00 00 E0 BF )\.<..1.{.......
0x200086C8  15 AE D3 C0 33 33 AC C0 - F6 28 4A C0 B8 1E 29 C0 ....33...(J...).
0x200086D8  85 EB 8F C0 F6 28 3C C0 - EC 51 B4 BF E1 7A 2C C0 .....(<..Q...z,.
0x200086E8  1F 85 23 3F 29 5C FF BE - 33 33 4F C0 71 3D 2A 3E ..#?)\..33O.q=*>
0x200086F8  71 3D 2A BF 66 66 3E C0 - 29 5C E3 BF 8F C2 25 C0 q=*.ff>.)\....%.
0x20008708  00 00 A8 BF 1F 85 87 BF - 33 33 B3 BD 1F 85 31 C0 ........33....1.
0x20008718  66 66 F6 3F 00                                    ff.?.           
