0x20008278  52 B8 2E 40 F6 28 2E C0 - A4 70 6D 3F CD CC E2 40 R..@.(...pm?...@
0x20008288  AE 47 13 C0 9A 99 49 BF - CD CC 87 40 A4 70 7B C0 .G....I....@.p{.
0x20008298  85 EB 1D C0 E1 7A C8 40 - 3E 0A 73 C0 CD CC 9C BF .....z.@>.s.....
0x200082A8  AE 87 83 41 52 B8 66 BF - 9A 99 91 3F 8F C2 79 41 ...AR.f....?..yA
0x200082B8  00 00 FC BF 85 EB 39 40 - 1F 85 A3 41 5C 8F D2 BF ......9@...A\...
0x200082C8  A4 F0 31 41 CD 0C E1 41 - 00 00 60 BF 9A 99 EC 40 ..1A...A..`....@
0x200082D8  D7 E3 CC 41 3E 0A D7 BE - D7 A3 C0 BE CD 4C CA 41 ...A>........L.A
0x200082E8  B8 1E E1 BF EC 51 A6 C0 - C3 75 C2 41 15 AE EF BF .....Q...u.A....
0x200082F8  EC 51 18 C0 5C CF D0 41 - 85 EB 9D 3F 5C 8F 0C 40 .Q..\..A...?\..@
0x20008308  EC 11 C4 41 EC 51 18 3F - 00 00 9A 40 52 F8 C8 41 ...A.Q.?...@R..A
0x20008318  EC 51 B4 3F 71 3D 1C 40 - 71 FD D5 41 B8 1E A2 40 .Q.?q=.@q..A...@
0x20008328  3D 0A BB 3F 29 5C A4 41 - 15 AE 9B 3F 33 33 90 40 =..?)\.A...?33.@
0x20008338  52 F8 9E 41 15 AE B7 3F - 85 EB 2B 40 33 B3 67 41 R..A...?..+@3.gA
0x20008348  00 00 C4 3F 00 00 0C 40 - CD CC 31 41 C3 F5 E8 BF ...?...@..1A....
0x20008358  29 5C E3 3F EC 51 50 41 - A4 70 99 BF 29 5C 0F BD )\.?.QPA.p..)\..
0x20008368  B8 5E 92 41 3E 0A 57 BF - 00 00 28 40 1F 05 92 41 .^.A>.W...(@...A
0x20008378  9A 99 C9 BF 1F 85 80 40 - 9A 19 9C 41 33 33 6B 3F .......@...A33k?
0x20008388  1F 85 3F 40 52 38 88 41 - C3 F5 68 3F F6 28 2E 40 ..?@R8.A..h?.(.@
0x20008398  52 B8 58 41 15 AE 0D C0 - EC 51 34 40 D7 A3 5C 41 R.XA.....Q4@..\A
0x200083A8  33 33 EB BF 29 5C 2B 40 - D7 23 7C 41 9A 99 91 BF 33..)\+@.#|A....
0x200083B8  29 5C 7F 3F 15 2E 7A 41 - 33 33 B3 BF 3E 0A 57 BF )\.?..zA33..>.W.
0x200083C8  33 B3 93 41 29 5C 8F BE - 66 66 06 3E 15 6E 81 41 3..A)\..ff.>.n.A
0x200083D8  3E 0A 57 BE D7 A3 08 BF - EC D1 3E 41 B8 1E E1 BF >.W.......>A....
0x200083E8  48 E1 42 C0 B8 1E 37 41 - 48 E1 0A 3F AE 47 A1 BF H.B...7AH..?.G..
0x200083F8  5C 8F BD 40 D7 A3 A4 BF - 15 AE 0D 40 48 E1 FA 3F \..@.......@H..?
0x20008408  52 B8 66 C0 33 33 EB 3F - 48 E1 0A 3F 9A 99 E5 BF R.f.33.?H..?....
0x20008418  C3 F5 14 C0 5C 8F 1A BF - 52 B8 04 C0 A4 70 B5 BF ....\...R....p..
0x20008428  3D 0A 2D C0 48 E1 18 C0 - 48 E1 FA BF C3 F5 68 3F =.-.H...H.....h?
0x20008438  9A 99 AD BF A4 70 D1 BF - 7B 14 96 C0 33 33 6B C0 .....p..{...33k.
0x20008448  0A D7 05 C0 F6 28 04 C1 - EC 51 C2 C0 E1 7A 48 40 .....(...Q...zH@
0x20008458  66 66 29 C1 7B 14 88 C0 - F6 28 12 40 EC D1 29 C1 ff).{....(.@..).
0x20008468  15 AE 86 C0 29 5C FF 3F - A4 F0 0E C1 E1 7A 89 C0 ....)\.?.....z..
0x20008478  9A 99 AD BF 52 B8 3C C1 - 52 B8 99 C0 9A 99 49 C0 ....R.<.R.....I.
0x20008488  29 5C 1D C0 AE 47 13 C0 - AE 47 BD 3F 52 B8 D1 C0 )\...G...G.?R...
0x20008498  8F C2 89 C0 B8 1E 8D C0 - A4 F0 15 C1 3D 0A 83 C0 ............=...
0x200084A8  EC 51 7A C0 33 B3 7C C1 - 48 E1 A6 C0 5C 8F 0C C0 .Qz.3.|.H...\...
0x200084B8  F6 68 82 C1 A4 70 BC C0 - 71 3D 2A C0 9A D9 A4 C1 .h...p..q=*.....
0x200084C8  15 AE EF C0 CD CC 7E C0 - 85 6B BD C1 5C 8F BD C0 ......~..k..\...
0x200084D8  E1 7A 10 C0 D7 E3 E1 C1 - 8F C2 2C C1 3D 0A 83 3F .z........,.=..?
0x200084E8  8F 82 BC C1 EC 51 18 C1 - 0A D7 E0 C0 D7 23 93 C1 .....Q.......#..
0x200084F8  C3 F5 BE C0 52 B8 D8 C0 - 5C 8F 85 C1 7B 94 20 C1 ....R...\...{. .
0x20008508  85 EB 9D C0 29 DC 8B C1 - 15 AE FD C0 00 00 85 C0 ....)...........
0x20008518  E1 7A 5D C1 B8 1E CC C0 - 29 5C 47 BF EC 11 8C C1 .z].....)\G.....
0x20008528  48 E1 11 C1 D7 A3 08 3F - 1F 05 D8 C1 EC 51 FA C0 H......?.....Q..
0x20008538  3D 0A 3B C0 5C CF D7 C1 - C3 F5 EF C0 71 3D 95 C0 =.;.\.......q=..
0x20008548  AE 47 C4 C1 A4 70 DF C0 - 66 66 A2 C0 7B 54 DA C1 .G...p..ff..{T..
0x20008558  EC D1 22 C1 3E 0A 65 C0 - B8 9E E4 C1 3D 0A 11 C1 ..".>.e.....=...
0x20008568  00 00 A8 BF 33 B3 BD C1 - 29 5C B2 C0 7B 14 96 3F ....3...)\..{..?
0x20008578  33 33 C1 C1 29 5C C0 C0 - 29 5C 71 40 1F 85 AA C1 33..)\..)\q@....
0x20008588  AE 47 9A C0 7B 14 EA 3F - F6 E8 85 C1 71 3D 1C C0 .G..{..?....q=..
0x20008598  00 00 28 3F E1 FA 8C C1 - 3D 0A 1F C0 85 EB 01 3F ..(?....=......?
0x200085A8  5C 4F 95 C1 F6 28 F4 BF - 0A D7 05 40 9A D9 A4 C1 \O...(.....@....
0x200085B8  1F 85 BF BF D7 A3 78 3F - B8 5E A7 C1 33 33 33 C0 ......x?.^..333.
0x200085C8  D7 A3 A4 3F 7B D4 AC C1 - 5C 8F 8C C0 52 B8 CA BF ...?{...\...R...
0x200085D8  CD 8C 97 C1 7B 14 96 C0 - E1 7A 72 C0 3D 4A 81 C1 ....{....zr.=J..
0x200085E8  29 5C 81 C0 D7 A3 DC BF - 3E 0A 6C C1 8F C2 33 C0 )\......>.l...3.
0x200085F8  29 5C 7F BF 52 B8 5F C1 - CD CC 00 C0 F6 28 F4 3F )\..R._......(.?
0x20008608  1F 85 3F C1 AE 47 2F C0 - 8F C2 5D 40 71 BD 0A C1 ..?..G/...]@q...
0x20008618  AE 47 21 BF D7 A3 78 BF - 9A 99 E5 C0 48 E1 FA 3F .G!...x.....H..?
0x20008628  8F C2 25 C0 0A D7 4B BF - 1F 85 F0 40 66 66 86 40 ..%...K....@ff.@
0x20008638  66 66 94 40 F6 A8 07 41 - 9A 99 BB 40 C3 F5 A9 40 ff.@...A...@...@
0x20008648  E1 7A 89 40 33 33 33 40 - 29 5C AB 40 CD CC 8E 40 .z.@333@)\.@...@
0x20008658  F6 28 B5 40 3D 8A 22 41 - F6 28 FB 40 85 6B 05 41 .(.@=."A.(.@.k.A
0x20008668  B8 1E 45 3F 29 5C 8F 3F - 1F 85 77 40 B8 1E 0D BF ..E?)\.?..w@....
0x20008678  9A 99 03 C0 D7 A3 DC BF - CD CC 0E C0 CD CC 2A C0 ..............*.
0x20008688  F6 28 20 41 7B 14 88 C0 - 3E 0A 73 C0 7B 14 63 41 .( A{...>.s.{.cA
0x20008698  48 E1 DE BF 85 EB 55 C0 - 71 3D A3 40 1F 85 8E C0 H.....U.q=.@....
0x200086A8  EC 51 91 C0 C3 F5 E8 3D - B8 1E 45 C0 E1 7A AC C0 .Q.....=..E..z..
0x200086B8  A4 70 19 C0 EC 51 AD C0 - B8 1E 53 C0 33 33 EB BF .p...Q....S.33..
0x200086C8  9A 99 57 C0 F6 28 84 BF - 5C 8F 44 C0 5C 8F EE BF ..W..(..\.D.\...
0x200086D8  00 00 60 BF 85 EB F1 3E - 71 3D 62 BF 29 5C 8F BF ..`....>q=b.)\..
0x200086E8  48 E1 7A 3E 9A 99 C9 BE - 33 33 CF BF 33 33 33 BF H.z>....33..333.
0x200086F8  85 EB 81 3F 3D 0A 11 C0 - 48 E1 FA BD D7 A3 C0 3F ...?=...H......?
0x20008708  52 B8 58 C0 71 3D AA BE - 5C 8F 9A 3F 85 EB 47 C0 R.X.q=..\..?..G.
0x20008718  C3 F5 CC BF 00                                    .....           
