0 x 0.761250 y -2.170000 z -0.656250
1 x 0.901250 y -1.802500 z -0.105000
2 x 3.307500 y -2.826250 z -1.181250
3 x 6.938750 y -4.278750 z -2.520000
4 x 10.648750 y -4.830000 z -4.042500
5 x 14.227500 y -4.611250 z -3.718750
6 x 20.728750 y -2.590000 z 1.820000
7 x 22.452499 y -3.867500 z 0.113750
8 x 25.646250 y -3.473750 z 2.126250
9 x 21.428751 y -1.855000 z -0.306250
10 x 21.280001 y -3.018750 z -1.190000
11 x 18.996250 y -3.395000 z -0.682500
12 x 14.673750 y -1.093750 z -4.095000
13 x 12.390000 y -2.826250 z -1.793750
14 x 16.388750 y -1.785000 z -0.402500
15 x 19.643749 y -1.636250 z -1.951250
16 x 21.385000 y -2.940000 z -0.420000
17 x 27.483749 y -1.636250 z 1.128750
18 x 24.237499 y -1.741250 z -1.618750
19 x 16.467501 y -2.248750 z -2.852500
20 x 12.941250 y -0.385000 z -4.060000
21 x 13.772500 y -1.032500 z -1.750000
22 x 11.663750 y -0.420000 z 2.747500
23 x 16.476250 y -0.735000 z 2.476250
24 x 21.139999 y -0.577500 z -0.691250
25 x 23.467501 y -3.080000 z -3.823750
26 x 20.641251 y -2.765000 z -4.725000
27 x 19.057501 y -3.543750 z -1.452500
28 x 15.085000 y -3.622500 z 5.363750
29 x 14.148750 y -4.620000 z 6.693750
30 x 15.916250 y -4.208750 z 5.031250
31 x 17.097500 y -3.701250 z 1.487500
32 x 14.708750 y -5.390000 z 3.351250
33 x 10.193750 y -8.277500 z 2.686250
34 x 11.480000 y -9.266250 z 6.396250
35 x 15.093750 y -7.140000 z 6.492500
36 x 15.636250 y -7.822500 z 3.543750
37 x 9.301250 y -9.222500 z 5.635000
38 x 10.500000 y -6.982500 z 7.227500
39 x 11.891250 y -3.902500 z 3.850000
40 x 10.517500 y -6.151250 z 1.347500
41 x 10.316250 y -3.526250 z -0.140000
42 x 6.868750 y -1.163750 z -1.330000
43 x 0.463750 y -2.213750 z -0.131250
44 x 0.726250 y -1.435000 z 0.673750
45 x -1.102500 y -2.651250 z -1.750000
46 x -0.131250 y -2.406250 z 1.627500
47 x -0.262500 y -2.800000 z -0.183750
48 x 1.863750 y -2.441250 z 0.035000
49 x -0.892500 y -2.957500 z 2.397500
50 x -0.315000 y -3.386250 z 4.453750
51 x -0.822500 y -2.721250 z 3.097500
52 x -1.067500 y -2.913750 z 1.583750
53 x -3.482500 y -2.240000 z 0.682500
54 x -2.493750 y -2.423750 z 1.890000
55 x -6.833750 y -2.073750 z 0.323750
56 x -9.030000 y -2.205000 z 1.102500
57 x -10.797500 y -3.071250 z 4.585000
58 x -16.931250 y -1.986250 z 2.003750
59 x -17.587500 y -3.823750 z 10.421250
60 x -13.492500 y 1.610000 z 8.233750
61 x -21.840000 y -0.218750 z 2.170000
62 x -25.541250 y -1.715000 z 4.515000
63 x -23.887501 y 2.765000 z 0.533750
64 x -23.616251 y 3.237500 z -3.465000
65 x -26.827499 y 0.638750 z 8.076250
66 x -23.843750 y 4.471250 z 13.308750
67 x -23.178751 y 3.526250 z 6.895000
68 x -26.066250 y 4.340000 z 6.711250
69 x -26.844999 y 3.421250 z 8.487500
70 x -39.235001 y -2.835000 z -2.537500
71 x -47.888752 y -14.761250 z -12.162500
72 x -27.107500 y -5.722500 z -6.720000
73 x -21.603750 y -0.297500 z -5.608750
74 x -14.148750 y -2.555000 z -5.398750
75 x -13.632500 y -1.680000 z -2.038750
76 x -10.867500 y -1.863750 z 0.883750
77 x -13.256250 y -0.402500 z 4.593750
78 x -12.670000 y -1.155000 z 7.997500
79 x -14.761250 y -2.371250 z 8.286250
80 x -20.440001 y -0.105000 z 5.337500
81 x -20.378750 y -0.411250 z 4.278750
82 x -20.186251 y -1.251250 z 5.293750
83 x -20.807501 y 0.026250 z 4.637500
84 x -19.792500 y 0.463750 z 3.158750
85 x -17.508751 y -0.945000 z 5.416250
86 x -16.266251 y 0.341250 z 6.562500
87 x -15.627501 y -0.166250 z 7.708750
88 x -12.845000 y 1.758750 z 9.476250
89 x -12.547500 y 3.395000 z 8.846250
90 x -9.966250 y 1.820000 z 11.366250
91 x -12.582500 y 4.655000 z 11.585000
92 x -15.531250 y 3.745000 z 7.910000
93 x -18.348749 y 4.278750 z 5.460000
94 x -14.770000 y 2.423750 z 3.316250
95 x -6.098750 y -1.671250 z 0.262500
96 x 6.116250 y -0.490000 z 3.937500
97 x 7.647500 y 1.435000 z 7.883750
98 x 4.270000 y 0.936250 z 5.171250
99 x 0.000000 y 0.000000 z 0.000000
100 x 0.000000 y 0.000000 z 0.000000
101 x 0.000000 y 0.000000 z 0.000000
102 x 0.000000 y 0.000000 z 0.000000
103 x 0.000000 y 0.000000 z 0.000000
104 x 0.000000 y 0.000000 z 0.000000
105 x 0.000000 y 0.000000 z 0.000000
106 x 0.000000 y 0.000000 z 0.000000
107 x 0.000000 y 0.000000 z 0.000000
108 x 0.000000 y 0.000000 z 0.000000
109 x 0.000000 y 0.000000 z 0.000000
110 x 0.000000 y 0.000000 z 0.000000
111 x 0.000000 y 0.000000 z 0.000000
112 x 0.000000 y 0.000000 z 0.000000
113 x 0.000000 y 0.000000 z 0.000000
114 x 0.000000 y 0.000000 z 0.000000
115 x 0.000000 y 0.000000 z 0.000000
116 x 0.000000 y 0.000000 z 0.000000
117 x 0.000000 y 0.000000 z 0.000000
118 x 0.000000 y 0.000000 z 0.000000
119 x 0.000000 y 0.000000 z 0.000000
120 x 0.000000 y 0.000000 z 0.000000
121 x 0.000000 y 0.000000 z 0.000000
122 x 0.000000 y 0.000000 z 0.000000
123 x 0.000000 y 0.000000 z 0.000000
124 x 0.000000 y 0.000000 z 0.000000
125 x 0.000000 y 0.000000 z 0.000000
126 x 0.000000 y 0.000000 z 0.000000
127 x 0.000000 y 0.000000 z 0.000000
128 x 0.000000 y 0.000000 z 0.000000
129 x 0.000000 y 0.000000 z 0.000000
130 x 0.000000 y 0.000000 z 0.000000
131 x 0.000000 y 0.000000 z 0.000000
132 x 0.000000 y 0.000000 z 0.000000
133 x 0.000000 y 0.000000 z 0.000000
134 x 0.000000 y 0.000000 z 0.000000
135 x 0.000000 y 0.000000 z 0.000000
136 x 0.000000 y 0.000000 z 0.000000
137 x 0.000000 y 0.000000 z 0.000000
138 x 0.000000 y 0.000000 z 0.000000
139 x 0.000000 y 0.000000 z 0.000000
140 x 0.000000 y 0.000000 z 0.000000
141 x 0.000000 y 0.000000 z 0.000000
142 x 0.000000 y 0.000000 z 0.000000
143 x 0.000000 y 0.000000 z 0.000000
144 x 0.000000 y 0.000000 z 0.000000
145 x 0.000000 y 0.000000 z 0.000000
146 x 0.000000 y 0.000000 z 0.000000
147 x 0.000000 y 0.000000 z 0.000000
148 x 0.000000 y 0.000000 z 0.000000
149 x 0.000000 y 0.000000 z 0.000000
150 x 0.000000 y 0.000000 z 0.000000
151 x 0.000000 y 0.000000 z 0.000000
152 x 0.000000 y 0.000000 z 0.000000
153 x 0.000000 y 0.000000 z 0.000000
154 x 0.000000 y 0.000000 z 0.000000
155 x 0.000000 y 0.000000 z 0.000000
156 x 0.000000 y 0.000000 z 0.000000
157 x 0.000000 y 0.000000 z 0.000000
158 x 0.000000 y 0.000000 z 0.000000
159 x 0.000000 y 0.000000 z 0.000000
160 x 0.000000 y 0.000000 z 0.000000
161 x 0.000000 y 0.000000 z 0.000000
162 x 0.000000 y 0.000000 z 0.000000
163 x 0.000000 y 0.000000 z 0.000000
164 x 0.000000 y 0.000000 z 0.000000
165 x 0.000000 y 0.000000 z 0.000000
166 x 0.000000 y 0.000000 z 0.000000
167 x 0.000000 y 0.000000 z 0.000000
168 x 0.000000 y 0.000000 z 0.000000
169 x 0.000000 y 0.000000 z 0.000000
170 x 0.000000 y 0.000000 z 0.000000
171 x 0.000000 y 0.000000 z 0.000000
172 x 0.000000 y 0.000000 z 0.000000
173 x 0.000000 y 0.000000 z 0.000000
174 x 0.000000 y 0.000000 z 0.000000
175 x 0.000000 y 0.000000 z 0.000000
176 x 0.000000 y 0.000000 z 0.000000
177 x 0.000000 y 0.000000 z 0.000000
178 x 0.000000 y 0.000000 z 0.000000
179 x 0.000000 y 0.000000 z 0.000000
180 x 0.000000 y 0.000000 z 0.000000
181 x 0.000000 y 0.000000 z 0.000000
182 x 0.000000 y 0.000000 z 0.000000
183 x 0.000000 y 0.000000 z 0.000000
184 x 0.000000 y 0.000000 z 0.000000
185 x 0.000000 y 0.000000 z 0.000000
186 x 0.000000 y 0.000000 z 0.000000
187 x 0.000000 y 0.000000 z 0.000000
188 x 0.000000 y 0.000000 z 0.000000
189 x 0.000000 y 0.000000 z 0.000000
190 x 0.000000 y 0.000000 z 0.000000
191 x 0.000000 y 0.000000 z 0.000000
192 x 0.000000 y 0.000000 z 0.000000
193 x 0.000000 y 0.000000 z 0.000000
194 x 0.000000 y 0.000000 z 0.000000
195 x 0.000000 y 0.000000 z 0.000000
196 x 0.000000 y 0.000000 z 0.000000
197 x 0.000000 y 0.000000 z 0.000000
198 x 0.000000 y 0.000000 z 0.000000
199 x 0.000000 y 0.000000 z 0.000000
200 x 0.000000 y 0.000000 z 0.000000
201 x 0.000000 y 0.000000 z 0.000000
202 x 0.000000 y 0.000000 z 0.000000
203 x 0.000000 y 0.000000 z 0.000000
204 x 0.000000 y 0.000000 z 0.000000
205 x 0.000000 y 0.000000 z 0.000000
206 x 0.000000 y 0.000000 z 0.000000
207 x 0.000000 y 0.000000 z 0.000000
208 x 0.000000 y 0.000000 z 0.000000
209 x 0.000000 y 0.000000 z 0.000000
210 x 0.000000 y 0.000000 z 0.000000
211 x 0.000000 y 0.000000 z 0.000000
212 x 0.000000 y 0.000000 z 0.000000
213 x 0.000000 y 0.000000 z 0.000000
214 x 0.000000 y 0.000000 z 0.000000
215 x 0.000000 y 0.000000 z 0.000000
216 x 0.000000 y 0.000000 z 0.000000
217 x 0.000000 y 0.000000 z 0.000000
218 x 0.000000 y 0.000000 z 0.000000
219 x 0.000000 y 0.000000 z 0.000000
220 x 0.000000 y 0.000000 z 0.000000
221 x 0.000000 y 0.000000 z 0.000000
222 x 0.000000 y 0.000000 z 0.000000
223 x 0.000000 y 0.000000 z 0.000000
224 x 0.000000 y 0.000000 z 0.000000
225 x 0.000000 y 0.000000 z 0.000000
226 x 0.000000 y 0.000000 z 0.000000
227 x 0.000000 y 0.000000 z 0.000000
228 x 0.000000 y 0.000000 z 0.000000
229 x 0.000000 y 0.000000 z 0.000000
230 x 0.000000 y 0.000000 z 0.000000
231 x 0.000000 y 0.000000 z 0.000000
232 x 0.000000 y 0.000000 z 0.000000
233 x 0.000000 y 0.000000 z 0.000000
234 x 0.000000 y 0.000000 z 0.000000
235 x 0.000000 y 0.000000 z 0.000000
236 x 0.000000 y 0.000000 z 0.000000
237 x 0.000000 y 0.000000 z 0.000000
238 x 0.000000 y 0.000000 z 0.000000
239 x 0.000000 y 0.000000 z 0.000000
240 x 0.000000 y 0.000000 z 0.000000
241 x 0.000000 y 0.000000 z 0.000000
242 x 0.000000 y 0.000000 z 0.000000
243 x 0.000000 y 0.000000 z 0.000000
244 x 0.000000 y 0.000000 z 0.000000
245 x 0.000000 y 0.000000 z 0.000000
246 x 0.000000 y 0.000000 z 0.000000
247 x 0.000000 y 0.000000 z 0.000000
248 x 0.000000 y 0.000000 z 0.000000
249 x 0.000000 y 0.000000 z 0.000000
250 x 0.000000 y 0.000000 z 0.000000
251 x 0.000000 y 0.000000 z 0.000000
252 x 0.000000 y 0.000000 z 0.000000
253 x 0.000000 y 0.000000 z 0.000000
254 x 0.000000 y 0.000000 z 0.000000
255 x 0.000000 y 0.000000 z 0.000000
256 x 0.000000 y 0.000000 z 0.000000
257 x 0.000000 y 0.000000 z 0.000000
258 x 0.000000 y 0.000000 z 0.000000
259 x 0.000000 y 0.000000 z 0.000000
260 x 0.000000 y 0.000000 z 0.000000
261 x 0.000000 y 0.000000 z 0.000000
262 x 0.000000 y 0.000000 z 0.000000
263 x 0.000000 y 0.000000 z 0.000000
264 x 0.000000 y 0.000000 z 0.000000
265 x 0.000000 y 0.000000 z 0.000000
266 x 0.000000 y 0.000000 z 0.000000
267 x 0.000000 y 0.000000 z 0.000000
268 x 0.000000 y 0.000000 z 0.000000
269 x 0.000000 y 0.000000 z 0.000000
270 x 0.000000 y 0.000000 z 0.000000
271 x 0.000000 y 0.000000 z 0.000000
272 x 0.000000 y 0.000000 z 0.000000
273 x 0.000000 y 0.000000 z 0.000000
274 x 0.000000 y 0.000000 z 0.000000
275 x 0.000000 y 0.000000 z 0.000000
276 x 0.000000 y 0.000000 z 0.000000
277 x 0.000000 y 0.000000 z 0.000000
278 x 0.000000 y 0.000000 z 0.000000
279 x 0.000000 y 0.000000 z 0.000000
280 x 0.000000 y 0.000000 z 0.000000
281 x 0.000000 y 0.000000 z 0.000000
282 x 0.000000 y 0.000000 z 0.000000
283 x 0.000000 y 0.000000 z 0.000000
284 x 0.000000 y 0.000000 z 0.000000
285 x 0.000000 y 0.000000 z 0.000000
286 x 0.000000 y 0.000000 z 0.000000
287 x 0.000000 y 0.000000 z 0.000000
288 x 0.000000 y 0.000000 z 0.000000
289 x 0.000000 y 0.000000 z 0.000000
290 x 0.000000 y 0.000000 z 0.000000
291 x 0.000000 y 0.000000 z 0.000000
292 x 0.000000 y 0.000000 z 0.000000
293 x 0.000000 y 0.000000 z 0.000000
294 x 0.000000 y 0.000000 z 0.000000
295 x 0.000000 y 0.000000 z 0.000000
296 x 0.000000 y 0.000000 z 0.000000
297 x 0.000000 y 0.000000 z 0.000000
298 x 0.000000 y 0.000000 z 0.000000
299 x 0.000000 y 0.000000 z 0.000000
300 x 0.000000 y 0.000000 z 0.000000
301 x 0.000000 y 0.000000 z 0.000000
302 x 0.000000 y 0.000000 z 0.000000
303 x 0.000000 y 0.000000 z 0.000000
304 x 0.000000 y 0.000000 z 0.000000
305 x 0.000000 y 0.000000 z 0.000000
306 x 0.000000 y 0.000000 z 0.000000
307 x 0.000000 y 0.000000 z 0.000000
308 x 0.000000 y 0.000000 z 0.000000
309 x 0.000000 y 0.000000 z 0.000000
310 x 0.000000 y 0.000000 z 0.000000
311 x 0.000000 y 0.000000 z 0.000000
312 x 0.000000 y 0.000000 z 0.000000
313 x 0.000000 y 0.000000 z 0.000000
314 x 0.000000 y 0.000000 z 0.000000
315 x 0.000000 y 0.000000 z 0.000000
316 x 0.000000 y 0.000000 z 0.000000
317 x 0.000000 y 0.000000 z 0.000000
318 x 0.000000 y 0.000000 z 0.000000
319 x 0.000000 y 0.000000 z 0.000000
320 x 0.000000 y 0.000000 z 0.000000
321 x 0.000000 y 0.000000 z 0.000000
322 x 0.000000 y 0.000000 z 0.000000
323 x 0.000000 y 0.000000 z 0.000000
324 x 0.000000 y 0.000000 z 0.000000
325 x 0.000000 y 0.000000 z 0.000000
326 x 0.000000 y 0.000000 z 0.000000
327 x 0.000000 y 0.000000 z 0.000000
328 x 0.000000 y 0.000000 z 0.000000
329 x 0.000000 y 0.000000 z 0.000000
330 x 0.000000 y 0.000000 z 0.000000
331 x 0.000000 y 0.000000 z 0.000000
332 x 0.000000 y 0.000000 z 0.000000
333 x 0.000000 y 0.000000 z 0.000000
334 x 0.000000 y 0.000000 z 0.000000
335 x 0.000000 y 0.000000 z 0.000000
336 x 0.000000 y 0.000000 z 0.000000
337 x 0.000000 y 0.000000 z 0.000000
338 x 0.000000 y 0.000000 z 0.000000
339 x 0.000000 y 0.000000 z 0.000000
340 x 0.000000 y 0.000000 z 0.000000
341 x 0.000000 y 0.000000 z 0.000000
342 x 0.000000 y 0.000000 z 0.000000
343 x 0.000000 y 0.000000 z 0.000000
344 x 0.000000 y 0.000000 z 0.000000
345 x 0.000000 y 0.000000 z 0.000000
346 x 0.000000 y 0.000000 z 0.000000
347 x 0.000000 y 0.000000 z 0.000000
348 x 0.000000 y 0.000000 z 0.000000
349 x 0.000000 y 0.000000 z 0.000000
350 x 0.000000 y 0.000000 z 0.000000
351 x 0.000000 y 0.000000 z 0.000000
352 x 0.000000 y 0.000000 z 0.000000
353 x 0.000000 y 0.000000 z 0.000000
354 x 0.000000 y 0.000000 z 0.000000
355 x 0.000000 y 0.000000 z 0.000000
356 x 0.000000 y 0.000000 z 0.000000
357 x 0.000000 y 0.000000 z 0.000000
358 x 0.000000 y 0.000000 z 0.000000
359 x 0.000000 y 0.000000 z 0.000000
360 x 0.000000 y 0.000000 z 0.000000
361 x 0.000000 y 0.000000 z 0.000000
362 x 0.000000 y 0.000000 z 0.000000
363 x 0.000000 y 0.000000 z 0.000000
364 x 0.000000 y 0.000000 z 0.000000
365 x 0.000000 y 0.000000 z 0.000000
366 x 0.000000 y 0.000000 z 0.000000
367 x 0.000000 y 0.000000 z 0.000000
368 x 0.000000 y 0.000000 z 0.000000
369 x 0.000000 y 0.000000 z 0.000000
370 x 0.000000 y 0.000000 z 0.000000
371 x 0.000000 y 0.000000 z 0.000000
372 x 0.000000 y 0.000000 z 0.000000
373 x 0.000000 y 0.000000 z 0.000000
374 x 0.000000 y 0.000000 z 0.000000
375 x 0.000000 y 0.000000 z 0.000000
376 x 0.000000 y 0.000000 z 0.000000
377 x 0.000000 y 0.000000 z 0.000000
378 x 0.000000 y 0.000000 z 0.000000
379 x 0.000000 y 0.000000 z 0.000000
380 x 0.000000 y 0.000000 z 0.000000
381 x 0.000000 y 0.000000 z 0.000000
382 x 0.000000 y 0.000000 z 0.000000
383 x 0.000000 y 0.000000 z 0.000000
384 x 0.000000 y 0.000000 z 0.000000
385 x 0.000000 y 0.000000 z 0.000000
386 x 0.000000 y 0.000000 z 0.000000
387 x 0.000000 y 0.000000 z 0.000000
388 x 0.000000 y 0.000000 z 0.000000
389 x 0.000000 y 0.000000 z 0.000000
390 x 0.000000 y 0.000000 z 0.000000
391 x 0.000000 y 0.000000 z 0.000000
392 x 0.000000 y 0.000000 z 0.000000
393 x 0.000000 y 0.000000 z 0.000000
394 x 0.000000 y 0.000000 z 0.000000
395 x 0.000000 y 0.000000 z 0.000000
396 x 0.000000 y 0.000000 z 0.000000
397 x 0.000000 y 0.000000 z 0.000000
398 x 0.000000 y 0.000000 z 0.000000
399 x 0.000000 y 0.000000 z 0.000000
400 x 0.000000 y 0.000000 z 0.000000
401 x 0.000000 y 0.000000 z 0.000000
402 x 0.000000 y 0.000000 z 0.000000
403 x 0.000000 y 0.000000 z 0.000000
404 x 0.000000 y 0.000000 z 0.000000
405 x 0.000000 y 0.000000 z 0.000000
406 x 0.000000 y 0.000000 z 0.000000
407 x 0.000000 y 0.000000 z 0.000000
408 x 0.000000 y 0.000000 z 0.000000
409 x 0.000000 y 0.000000 z 0.000000
410 x 0.000000 y 0.000000 z 0.000000
411 x 0.000000 y 0.000000 z 0.000000
412 x 0.000000 y 0.000000 z 0.000000
413 x 0.000000 y 0.000000 z 0.000000
414 x 0.000000 y 0.000000 z 0.000000
415 x 0.000000 y 0.000000 z 0.000000
416 x 0.000000 y 0.000000 z 0.000000
417 x 0.000000 y 0.000000 z 0.000000
418 x 0.000000 y 0.000000 z 0.000000
419 x 0.000000 y 0.000000 z 0.000000
420 x 0.000000 y 0.000000 z 0.000000
421 x 0.000000 y 0.000000 z 0.000000
422 x 0.000000 y 0.000000 z 0.000000
423 x 0.000000 y 0.000000 z 0.000000
424 x 0.000000 y 0.000000 z 0.000000
425 x 0.000000 y 0.000000 z 0.000000
426 x 0.000000 y 0.000000 z 0.000000
427 x 0.000000 y 0.000000 z 0.000000
428 x 0.000000 y 0.000000 z 0.000000
429 x 0.000000 y 0.000000 z 0.000000
430 x 0.000000 y 0.000000 z 0.000000
431 x 0.000000 y 0.000000 z 0.000000
432 x 0.000000 y 0.000000 z 0.000000
433 x 0.000000 y 0.000000 z 0.000000
434 x 0.000000 y 0.000000 z 0.000000
435 x 0.000000 y 0.000000 z 0.000000
436 x 0.000000 y 0.000000 z 0.000000
437 x 0.000000 y 0.000000 z 0.000000
438 x 0.000000 y 0.000000 z 0.000000
439 x 0.000000 y 0.000000 z 0.000000
440 x 0.000000 y 0.000000 z 0.000000
441 x 0.000000 y 0.000000 z 0.000000
442 x 0.000000 y 0.000000 z 0.000000
443 x 0.000000 y 0.000000 z 0.000000
444 x 0.000000 y 0.000000 z 0.000000
445 x 0.000000 y 0.000000 z 0.000000
446 x 0.000000 y 0.000000 z 0.000000
447 x 0.000000 y 0.000000 z 0.000000
448 x 0.000000 y 0.000000 z 0.000000
449 x 0.000000 y 0.000000 z 0.000000
450 x 0.000000 y 0.000000 z 0.000000
451 x 0.000000 y 0.000000 z 0.000000
452 x 0.000000 y 0.000000 z 0.000000
453 x 0.000000 y 0.000000 z 0.000000
454 x 0.000000 y 0.000000 z 0.000000
455 x 0.000000 y 0.000000 z 0.000000
456 x 0.000000 y 0.000000 z 0.000000
457 x 0.000000 y 0.000000 z 0.000000
458 x 0.000000 y 0.000000 z 0.000000
459 x 0.000000 y 0.000000 z 0.000000
460 x 0.000000 y 0.000000 z 0.000000
461 x 0.000000 y 0.000000 z 0.000000
462 x 0.000000 y 0.000000 z 0.000000
463 x 0.000000 y 0.000000 z 0.000000
464 x 0.000000 y 0.000000 z 0.000000
465 x 0.000000 y 0.000000 z 0.000000
466 x 0.000000 y 0.000000 z 0.000000
467 x 0.000000 y 0.000000 z 0.000000
468 x 0.000000 y 0.000000 z 0.000000
469 x 0.000000 y 0.000000 z 0.000000
470 x 0.000000 y 0.000000 z 0.000000
471 x 0.000000 y 0.000000 z 0.000000
472 x 0.000000 y 0.000000 z 0.000000
473 x 0.000000 y 0.000000 z 0.000000
474 x 0.000000 y 0.000000 z 0.000000
475 x 0.000000 y 0.000000 z 0.000000
476 x 0.000000 y 0.000000 z 0.000000
477 x 0.000000 y 0.000000 z 0.000000
478 x 0.000000 y 0.000000 z 0.000000
479 x 0.000000 y 0.000000 z 0.000000
480 x 0.000000 y 0.000000 z 0.000000
481 x 0.000000 y 0.000000 z 0.000000
482 x 0.000000 y 0.000000 z 0.000000
483 x 0.000000 y 0.000000 z 0.000000
484 x 0.000000 y 0.000000 z 0.000000
485 x 0.000000 y 0.000000 z 0.000000
486 x 0.000000 y 0.000000 z 0.000000
487 x 0.000000 y 0.000000 z 0.000000
488 x 0.000000 y 0.000000 z 0.000000
489 x 0.000000 y 0.000000 z 0.000000
490 x 0.000000 y 0.000000 z 0.000000
491 x 0.000000 y 0.000000 z 0.000000
492 x 0.000000 y 0.000000 z 0.000000
493 x 0.000000 y 0.000000 z 0.000000
494 x 0.000000 y 0.000000 z 0.000000
495 x 0.000000 y 0.000000 z 0.000000
496 x 0.000000 y 0.000000 z 0.000000
497 x 0.000000 y 0.000000 z 0.000000
498 x 0.000000 y 0.000000 z 0.000000
499 x 0.000000 y 0.000000 z 0.000000
