0x20008278  48 E1 42 3F 48 E1 0A C0 - 00 00 28 BF 52 B8 66 3F H.B?H.....(.R.f?
0x20008288  52 B8 E6 BF 3E 0A D7 BD - 15 AE 53 40 48 E1 34 C0 R...>.....S@H.4.
0x20008298  33 33 97 BF 3E 0A DE 40 - 85 EB 88 C0 AE 47 21 C0 33..>..@.....G!.
0x200082A8  48 61 2A 41 5C 8F 9A C0 - 29 5C 81 C0 D7 A3 63 41 Ha*A\...)\....cA
0x200082B8  5C 8F 93 C0 00 00 6E C0 - 7B D4 A5 41 8F C2 25 C0 \.....n.{..A..%.
0x200082C8  C3 F5 E8 3F B8 9E B3 41 - 1F 85 77 C0 C3 F5 E8 3D ...?...A..w....=
0x200082D8  85 2B CD 41 EC 51 5E C0 - 7B 14 08 40 15 6E AB 41 .+.A.Q^.{..@.n.A
0x200082E8  A4 70 ED BF CD CC 9C BE - 71 3D AA 41 33 33 41 C0 .p......q=.A33A.
0x200082F8  EC 51 98 BF 52 F8 97 41 - AE 47 59 C0 52 B8 2E BF .Q..R..A.GY.R...
0x20008308  AE C7 6A 41 00 00 8C BF - 3D 0A 83 C0 71 3D 46 41 ..jA....=...q=FA
0x20008318  48 E1 34 C0 9A 99 E5 BF - 29 1C 83 41 E1 7A E4 BF H.4.....)..A.z..
0x20008328  7B 14 CE BE 66 26 9D 41 - A4 70 D1 BF 8F C2 F9 BF {...f&.A.p......
0x20008338  7B 14 AB 41 F6 28 3C C0 - 3E 0A D7 BE B8 DE DB 41 {..A.(<.>......A
0x20008348  A4 70 D1 BF E1 7A 90 3F - 66 E6 C1 41 48 E1 DE BF .p...z.?f..AH...
0x20008358  33 33 CF BF 71 BD 83 41 - 85 EB 0F C0 5C 8F 36 C0 33..q..A....\.6.
0x20008368  5C 0F 4F 41 B8 1E C5 BE - 85 EB 81 C0 29 5C 5C 41 \.OA........)\\A
0x20008378  F6 28 84 BF 00 00 E0 BF - B8 9E 3A 41 3E 0A D7 BE .(........:A>...
0x20008388  0A D7 2F 40 5C CF 83 41 - F6 28 3C BF E1 7A 1E 40 ../@\..A.(<..z.@
0x20008398  B8 1E A9 41 0A D7 13 BF - C3 F5 30 BF 71 BD BB 41 ...A......0.q..A
0x200083A8  B8 1E 45 C0 52 B8 74 C0 - 48 21 A5 41 C3 F5 30 C0 ..E.R.t.H!.A..0.
0x200083B8  33 33 97 C0 C3 75 98 41 - CD CC 62 C0 85 EB B9 BF 33...u.A..b.....
0x200083C8  29 5C 71 41 0A D7 67 C0 - D7 A3 AB 40 48 61 62 41 )\qA..g....@HabA
0x200083D8  0A D7 93 C0 33 33 D6 40 - F6 A8 7E 41 15 AE 86 C0 ....33.@..~A....
0x200083E8  00 00 A1 40 AE C7 88 41 - 48 E1 6C C0 66 66 BE 3F ...@...AH.l.ff.?
0x200083F8  0A 57 6B 41 E1 7A AC C0 - E1 7A 56 40 9A 19 23 41 .WkA.z...zV@..#A
0x20008408  A4 70 04 C1 85 EB 2B 40 - 15 AE 37 41 8F 42 14 C1 .p....+@..7A.B..
0x20008418  15 AE CC 40 00 80 71 41 - E1 7A E4 C0 8F C2 CF 40 ...@..qA.z.....@
0x20008428  15 2E 7A 41 EC 51 FA C0 - CD CC 62 40 EC D1 14 41 ..zA.Q....b@...A
0x20008438  5C 8F 13 C1 EC 51 B4 40 - 00 00 28 41 A4 70 DF C0 \....Q.@..(A.p..
0x20008448  AE 47 E7 40 8F 42 3E 41 - 8F C2 79 C0 66 66 76 40 .G.@.B>A..y.ffv@
0x20008458  AE 47 28 41 0A D7 C4 C0 - E1 7A AC 3F 5C 0F 25 41 .G(A.....z.?\.%A
0x20008468  15 AE 61 C0 29 5C 0F BE - CD CC DB 40 C3 F5 94 BF ..a.)\.....@....
0x20008478  71 3D AA BF A4 70 ED 3E - 15 AE 0D C0 66 66 06 BE q=...p.>....ff..
0x20008488  85 EB 39 3F 15 AE B7 BF - E1 7A 2C 3F B8 1E 8D BF ..9?.....z,?....
0x20008498  15 AE 29 C0 00 00 E0 BF - 66 66 06 BE 00 00 1A C0 ..).....ff......
0x200084A8  EC 51 D0 3F 66 66 86 BE - 33 33 33 C0 F6 28 3C BE .Q.?ff..333..(<.
0x200084B8  5C 8F EE 3F 71 3D 1C C0 - 29 5C 0F 3D E1 7A 64 BF \..?q=..)\.=.zd.
0x200084C8  AE 47 3D C0 A4 70 19 40 - AE 47 A1 BE 52 B8 58 C0 .G=..p.@.G..R.X.
0x200084D8  1F 85 8E 40 5C 8F 52 BF - F6 28 2E C0 71 3D 46 40 ...@\.R..(..q=F@
0x200084E8  D7 A3 88 BF E1 7A 3A C0 - 52 B8 CA 3F 48 E1 5E C0 .....z:.R..?H.^.
0x200084F8  29 5C 0F C0 52 B8 2E 3F - 9A 99 1F C0 B8 1E 1B C0 )\..R..?........
0x20008508  85 EB F1 3F 15 AE DA C0 - 52 B8 04 C0 8F C2 A5 3E ...?....R......>
0x20008518  E1 7A 10 C1 B8 1E 0D C0 - B8 1E 8D 3F 8F C2 2C C1 .z.........?..,.
0x20008528  5C 8F 44 C0 52 B8 92 40 - 33 73 87 C1 71 3D FE BF \.D.R..@3s..q=..
0x20008538  71 3D 00 40 33 B3 8C C1 - 52 B8 74 C0 71 BD 26 41 q=.@3...R.t.q.&A
0x20008548  48 E1 57 C1 7B 14 CE 3F - 71 BD 03 41 52 B8 AE C1 H.W.{..?q..AR...
0x20008558  00 00 60 BE 48 E1 0A 40 - 7B 54 CC C1 1F 85 DB BF ..`.H..@{T......
0x20008568  E1 7A 90 40 9A 19 BF C1 - C3 F5 30 40 D7 A3 08 3F .z.@......0@...?
0x20008578  15 EE BC C1 33 33 4F 40 - 8F C2 5D C0 B8 9E D6 C1 ....33O@..].....
0x20008588  1F 85 23 3F 52 38 01 41 - 00 C0 BE C1 7B 14 8F 40 ..#?R8.A....{..@
0x20008598  A4 F0 54 41 15 6E B9 C1 - 15 AE 61 40 D7 A3 DC 40 ..TA.n....a@...@
0x200085A8  AE 87 D0 C1 48 E1 8A 40 - 8F C2 D6 40 8F C2 D6 C1 ....H..@...@....
0x200085B8  C3 F5 5A 40 CD CC 07 41 - A4 F0 1C C2 A4 70 35 C0 ..Z@...A.....p5.
0x200085C8  66 66 22 C0 15 8E 3F C2 - 15 2E 6C C1 9A 99 42 C1 ff"...?...l...B.
0x200085D8  29 DC D8 C1 B8 1E B7 C0 - 3E 0A D7 C0 7B D4 AC C1 ).......>...{...
0x200085E8  EC 51 98 BE E1 7A B3 C0 - 48 61 62 C1 1F 85 23 C0 .Q...z..Hab...#.
0x200085F8  8F C2 AC C0 B8 1E 5A C1 - 3E 0A D7 BF E1 7A 02 C0 ......Z.>....z..
0x20008608  48 E1 2D C1 5C 8F EE BF - 71 3D 62 3F 9A 19 54 C1 H.-.\...q=b?..T.
0x20008618  7B 14 CE BE 00 00 93 40 - 52 B8 4A C1 0A D7 93 BF {......@R.J.....
0x20008628  85 EB FF 40 15 2E 6C C1 - 8F C2 17 C0 7B 94 04 41 ...@..l.....{..A
0x20008638  1F 85 A3 C1 3E 0A D7 BD - CD CC AA 40 AE 07 A3 C1 ....>......@....
0x20008648  5C 8F D2 BE 85 EB 88 40 - 71 7D A1 C1 F6 28 A0 BF \......@q}...(..
0x20008658  66 66 A9 40 C3 75 A6 C1 - 3E 0A D7 3C 66 66 94 40 ff.@.u..>..<ff.@
0x20008668  0A 57 9E C1 A4 70 ED 3E - F6 28 4A 40 EC 11 8C C1 .W...p.>.(J@....
0x20008678  85 EB 71 BF EC 51 AD 40 - 48 21 82 C1 52 B8 AE 3E ..q..Q.@H!..R..>
0x20008688  00 00 D2 40 3E 0A 7A C1 - 71 3D 2A BE 15 AE F6 40 ...@>.z.q=*....@
0x20008698  1F 85 4D C1 B8 1E E1 3F - B8 9E 17 41 8F C2 48 C1 ..M....?...A..H.
0x200086A8  AE 47 59 40 3D 8A 0D 41 - C3 75 1F C1 C3 F5 E8 3F .GY@=..A.u.....?
0x200086B8  29 DC 35 41 EC 51 49 C1 - C3 F5 94 40 29 5C 39 41 ).5A.QI....@)\9A
0x200086C8  00 80 78 C1 15 AE 6F 40 - B8 1E FD 40 3D CA 92 C1 ..x...o@...@=...
0x200086D8  85 EB 88 40 52 B8 AE 40 - EC 51 6C C1 B8 1E 1B 40 ...@R..@.Ql....@
0x200086E8  71 3D 54 40 F6 28 C3 C0 - 85 EB D5 BF 66 66 86 3E q=T@.(......ff.>
0x200086F8  52 B8 C3 40 48 E1 FA BE - 00 00 7C 40 52 B8 F4 40 R..@H.....|@R..@
0x20008708  15 AE B7 3F AE 47 FC 40 - D7 A3 88 40 15 AE 6F 3F ...?.G.@...@..o?
0x20008718  E1 7A A5 40 00                                    .z.@.           
