0x20008278  33 33 33 41 52 B8 04 C1 - 0A D7 E0 C0 0A D7 36 41 333AR.........6A
0x20008288  AE 47 13 C0 E1 7A C1 C0 - 9A 99 98 41 EC 51 98 BE .G...z.....A.Q..
0x20008298  00 00 1A 40 52 38 B2 41 - 71 3D 15 C1 71 3D 2A 40 ...@R8.Aq=..q=*@
0x200082A8  66 E6 89 41 00 00 9A C0 - E1 7A 64 3F 7B 94 74 41 f..A.....zd?{.tA
0x200082B8  1F 85 B8 C0 B8 1E 29 40 - A4 F0 46 41 EC 51 B4 BF ......)@..FA.Q..
0x200082C8  1F 05 20 C1 33 33 33 41 - 7B 14 81 C0 F6 28 20 C0 .. .333A{....( .
0x200082D8  8F 42 14 41 85 EB DC C0 - 0A D7 D2 40 9A 19 38 41 .B.A.......@..8A
0x200082E8  1F 85 95 C0 29 5C C7 40 - 3E 0A EC 40 7B 14 6A C0 ....)\.@>..@{.j.
0x200082F8  B8 1E 8D 3F B8 1E 37 40 - 8F C2 09 C0 15 AE B7 40 ...?..7@.......@
0x20008308  1F 85 BF 40 52 B8 E6 BF - 1F 85 B1 40 7B 14 8F 40 ...@R......@{..@
0x20008318  1F 85 DB BF 48 E1 0A BF - CD CC DB 40 AE 47 75 C0 ....H......@.Gu.
0x20008328  29 5C A4 40 B8 9E 17 41 - 48 E1 7A BF 00 00 60 BF )\.@...AH.z...`.
0x20008338  15 AE 37 41 71 3D 00 40 - CD CC DB C0 33 33 10 41 ..7Aq=.@....33.A
0x20008348  D7 A3 08 BF 9A 99 11 BF - 33 33 BA 40 CD CC 46 C0 ........33.@..F.
0x20008358  48 E1 C2 BF 7B 14 08 41 - 85 EB 81 BF 29 5C 0F BD H...{..A....)\..
0x20008368  3D 8A 37 41 D7 A3 24 C0 - 85 EB 71 3F 48 61 54 41 =.7A..$...q?HaTA
0x20008378  15 AE D3 BF C3 F5 94 BF - 7B 14 40 41 A4 70 ED BE ........{.@A.p..
0x20008388  AE 47 F5 BF F6 28 ED 40 - 15 AE EF BF F6 28 12 C0 .G...(.@.....(..
0x20008398  5C 8F 21 41 85 EB B9 BF - 52 B8 58 C0 00 00 28 41 \.!A....R.X...(A
0x200083A8  A4 70 35 C0 29 5C 7F C0 - A4 F0 1C 41 00 00 8C BF .p5.)\.....A....
0x200083B8  15 AE 22 C1 0A D7 2F 41 - 71 3D 1C C0 AE 47 A8 C0 ..".../Aq=...G..
0x200083C8  5C 8F 28 41 A4 70 99 BF - CD CC D4 C0 7B 14 16 41 \.(A.p......{..A
0x200083D8  29 5C 88 C0 29 5C 55 C0 - D7 23 28 41 C3 F5 06 C0 )\..)\U..#(A....
0x200083E8  52 B8 A0 C0 9A 99 03 41 - 8F C2 F9 BF 0A D7 AF C0 R......A........
0x200083F8  1F 05 3C 41 A4 70 99 BF - 9A 99 AD C0 66 E6 17 41 ..<A.p......f..A
0x20008408  71 3D AA BF 0A D7 85 C0 - 29 5C 01 41 3D 0A 1F C0 q=......)\.A=...
0x20008418  CD CC 9C 3E 5C 8F 13 41 - 66 66 76 BF B8 1E 45 3F ...>\..Affv...E?
0x20008428  85 EB F8 40 0A D7 AF BF - 9A 99 11 BF 15 AE B0 40 ...@...........@
0x20008438  9A 99 1F C0 3D 0A 1F 3F - 29 5C F8 40 EC 51 D0 BF ....=..?)\.@.Q..
0x20008448  85 EB F1 3F 9A 99 F3 40 - 52 B8 2E BF 33 33 17 C0 ...?...@R...33..
0x20008458  C3 F5 B7 40 29 5C 1D C0 - B8 1E 45 3E A4 70 D1 40 ...@)\....E>.p.@
0x20008468  33 33 79 C0 CD CC 0E 40 - 52 38 24 41 15 AE B7 BF 33y....@R8$A....
0x20008478  A4 70 51 40 71 BD 1F 41 - 85 EB 71 BF 52 B8 92 40 .pQ@q..A..q.R..@
0x20008488  5C 8F F5 40 85 EB 1D C0 - 48 E1 34 40 85 EB E3 40 \..@....H.4@...@
0x20008498  D7 A3 40 BF 52 B8 AE BE - EC 51 F3 40 B8 1E 8D BF ..@.R....Q.@....
0x200084A8  E1 7A 2C 3F 3D 0A 3B 40 - 1F 85 3F C0 33 33 33 BF .z,?=.;@..?.333.
0x200084B8  CD CC 2A 40 8F C2 DD BF - 71 3D C6 BF 85 EB 81 3F ..*@....q=.....?
0x200084C8  85 EB F1 BF 7B 14 08 C0 - 0A D7 13 3F 85 EB 01 C0 ....{......?....
0x200084D8  F6 28 12 C0 EC 51 0A 40 - 66 66 F6 BF C3 F5 E8 BE .(...Q.@ff......
0x200084E8  9A 99 03 40 7B 14 4E C0 - 29 5C 1D 40 1F 85 5B 40 ...@{.N.)\.@..[@
0x200084F8  85 EB 71 C0 A4 70 ED 3F - 3D 0A 83 40 5C 8F 7C C0 ..q..p.?=..@\.|.
0x20008508  48 E1 8A 40 7B 14 01 41 - 7B 14 96 C0 AE 47 D9 40 H..@{..A{....G.@
0x20008518  CD CC 0E 41 71 3D C6 BF - E1 7A E4 3F 9A 99 EC 40 ...Aq=...z.?...@
0x20008528  3D 0A 11 C0 00 00 A8 3F - 66 66 C5 40 52 B8 12 C0 =......?ff.@R...
0x20008538  48 E1 FA 3D 0A D7 05 40 - 15 AE D3 3F 5C 8F E7 C0 H..=...@...?\...
0x20008548  29 5C 0F 3C 5C 8F D2 3F - 66 66 94 C0 E1 7A 64 BF )\.<\..?ff...zd.
0x20008558  00 00 8C 3F EC 51 A6 C0 - 15 AE B7 BF 5C 8F EE 3F ...?.Q......\..?
0x20008568  1F 85 4D C0 C3 F5 9B C0 - B8 1E E1 3F 7B 14 5C C0 ..M........?{.\.
0x20008578  15 AE 45 C1 E1 7A 02 40 - 3D 0A D0 C0 33 F3 AD C1 ..E..z.@=...3...
0x20008588  A4 70 0B C0 85 EB C0 C0 - 7B 54 FD C1 71 3D E2 C0 .p......{T..q=..
0x20008598  C3 F5 1B C1 3E 0A F3 C1 - 8F C2 F9 3F 5C CF 91 C1 ....>......?\...
0x200085A8  85 6B CB C1 85 6B 2F C1 - 3D 0A 2D C0 48 A1 A8 C1 .k...k/.=.-.H...
0x200085B8  A4 70 A0 C0 8F C2 F9 BF - 29 DC 99 C1 1F 85 4D C0 .p......).....M.
0x200085C8  33 33 D6 C0 A4 70 8B C1 - 9A 99 73 C0 15 2E 2D C1 33...p....s...-.
0x200085D8  9A 99 98 C1 AE 47 A1 3D - 52 38 7F C1 C3 F5 C5 C1 .....G.=R8......
0x200085E8  33 33 5D C0 15 2E 7A C1 - 5C 4F D4 C1 3E 0A 57 C0 33]...z.\O..>.W.
0x200085F8  C3 75 03 C1 5C 4F CD C1 - 8F C2 97 C0 CD CC 2A C0 .u..\O........*.
0x20008608  AE 47 BD C1 15 AE B7 C0 - 85 EB 88 C0 66 A6 C3 C1 .G..........f...
0x20008618  A4 70 A0 C0 48 E1 42 BF - 85 AB DE C1 3E 0A E5 C0 .p..H.B.....>...
0x20008628  CD CC B8 3F E1 3A B5 C1 - 00 00 44 C0 D7 A3 16 C0 ...?.:....D.....
0x20008638  F6 28 AE C1 8F C2 AC C0 - 48 E1 FA 3F 7B 14 8F C1 .(......H..?{...
0x20008648  33 33 33 C0 71 3D 2A 40 - 3E 8A 6F C1 B8 1E 0D C0 333.q=*@>.o.....
0x20008658  9A 99 E5 3F E1 FA 7C C1 - 3D 0A BB BF EC 51 18 BE ...?..|.=....Q..
0x20008668  AE C7 5C C1 15 AE 37 C0 - CD CC 9C 3F CD CC AA C1 ..\...7....?....
0x20008678  B8 1E C5 C0 71 3D 62 40 - AE 07 9C C1 C3 F5 A9 C0 ....q=b@........
0x20008688  EC 51 83 40 F6 E8 85 C1 - AE 47 93 C0 71 3D 87 40 .Q.@.....G..q=.@
0x20008698  CD CC 77 C1 48 E1 E5 C0 - AE 47 A1 40 D7 A3 2B C1 ..w.H....G.@..+.
0x200086A8  CD CC 2A C0 C3 F5 4C 40 - 9A 19 0E C1 7B 14 16 C0 ..*...L@....{...
0x200086B8  5C 8F 52 40 48 61 07 C1 - C3 F5 CC BF 66 66 22 40 \.R@Ha......ff"@
0x200086C8  71 3D 07 C1 C3 F5 30 C0 - 29 5C AB 3F 8F C2 41 C1 q=....0.)\.?..A.
0x200086D8  9A 99 11 3F 15 AE B7 3E - 15 2E 65 C1 29 5C 7F BF ...?...>..e.)\..
0x200086E8  0A D7 4B 3F CD CC 2A C1 - 5C 8F EE BF 71 3D 54 40 ..K?..*.\...q=T@
0x200086F8  0A D7 13 C1 33 33 CF BF - 7B 14 16 40 CD CC 8E C0 ....33..{..@....
0x20008708  33 33 EB BF AE 47 3D 40 - 33 33 BA C0 33 33 33 BE 33...G=@33..333.
0x20008718  CD CC D4 3F 00                                    ...?.           
