0x20008278  5C 8F 52 41 71 3D 00 C0 - 66 66 86 BF 3D 0A 83 41 \.RAq=..ff..=..A
0x20008288  D7 A3 40 C0 CD CC 62 C0 - 1F 05 A7 41 85 EB B9 BF ..@...b....A....
0x20008298  52 B8 2E C0 8F C2 64 41 - 0A D7 05 C0 A4 70 6D C0 R.....dA.....pm.
0x200082A8  AE 47 60 41 A4 70 27 C0 - 33 33 25 40 9A 99 5E 41 .G`A.p'.33%@..^A
0x200082B8  33 33 41 C0 33 33 82 40 - E1 BA 9C 41 48 E1 A6 BF 33A.33.@...AH...
0x200082C8  D7 A3 40 BF 85 EB B9 41 - EC 51 98 3E 1F 85 DB 40 ..@....A.Q.>...@
0x200082D8  7B 54 C5 41 85 EB 81 BE - 00 00 6E 40 7B 54 E1 41 {T.A......n@{T.A
0x200082E8  9A 99 C9 BF F6 28 F4 3F - 33 F3 D0 41 B8 1E 0D BF .....(.?3..A....
0x200082F8  52 B8 66 40 85 AB A6 41 - 15 AE 0D C0 E1 7A 9E 40 R.f@...A.....z.@
0x20008308  29 1C 8A 41 E1 7A 2C C0 - 0A D7 05 40 15 2E 65 41 )..A.z,....@..eA
0x20008318  AE 47 BD BF 5C 8F D2 BE - CD 4C 8B 41 CD CC 0E C0 .G..\....L.A....
0x20008328  66 66 F6 BE C3 75 B4 41 - 0A D7 3D C0 C3 F5 CC BF ff...u.A..=.....
0x20008338  8F 42 BE 41 33 33 33 3E - B8 1E 45 C0 5C 4F 9C 41 .B.A333>..E.\O.A
0x20008348  29 5C FF 3E AE 47 3D C0 - AE 07 8E 41 71 3D E2 3F )\.>.G=....Aq=.?
0x20008358  00 00 E0 BE 52 38 2B 41 - 66 66 3E 3F 66 66 BE BF ....R8+Aff>?ff..
0x20008368  C3 F5 FD 40 15 AE 9B BF - EC 51 26 C0 5C 8F F5 40 ...@.....Q&.\..@
0x20008378  EC 51 98 BF 48 E1 C2 BF - 1F 85 46 41 EC 51 18 3E .Q..H.....FA.Q.>
0x20008388  A4 70 19 C0 0A 57 48 41 - EC 51 98 BF D7 A3 78 C0 .p...WHA.Q....x.
0x20008398  15 AE 37 41 48 E1 DE BF - 85 EB 63 C0 C3 F5 06 41 ..7AH.....c....A
0x200083A8  3D 0A 11 C0 85 EB 47 C0 - 3D 8A 06 41 5C 8F 52 C0 =.....G.=..A\.R.
0x200083B8  29 5C 47 BF 85 EB 2B 41 - 71 3D 2A BF D7 A3 A4 C0 )\G...+Aq=*.....
0x200083C8  E1 7A 64 41 EC 51 B4 BF - 3D 0A 03 C0 EC 91 9D 41 .zdA.Q..=......A
0x200083D8  29 5C FF BE 48 E1 26 C0 - 0A 57 90 41 85 EB 9D BF )\..H.&..W.A....
0x200083E8  15 AE B7 BF F6 A8 8E 41 - F6 28 74 3F 9A 99 AD BF .......A.(t?....
0x200083F8  71 3D FE 40 AE 47 21 C0 - CD CC B8 3F 85 EB 1D 41 q=.@.G!....?...A
0x20008408  D7 A3 24 C0 EC 51 9F 40 - AE 47 4B 41 8F C2 C1 BF ..$..Q.@.GKA....
0x20008418  85 EB DC 40 5C 0F 82 41 - A4 70 35 BF 5C 8F 85 40 ...@\..A.p5.\..@
0x20008428  1F 05 92 41 CD CC 80 3F - 1F 85 4D 40 A4 70 5F 41 ...A...?..M@.p_A
0x20008438  33 33 33 3F 71 3D 0E C0 - 52 38 39 41 F6 28 3C 3E 333?q=..R89A.(<>
0x20008448  AE 47 05 C0 33 33 EB 3F - AE 47 75 C0 8F C2 A5 C0 .G..33.?.Gu.....
0x20008458  66 66 86 3F D7 A3 08 BF - 00 00 52 C0 B8 1E 45 BE ff.?......R...E.
0x20008468  5C 8F 28 C0 3E 0A 57 3F - 7B 14 4E 3F 00 00 1A C0 \.(.>.W?{.N?....
0x20008478  7B 14 08 C0 5C 8F EE 3F - 00 00 28 BF B8 1E 53 C0 {...\..?..(...S.
0x20008488  15 AE 6F 3F 00 00 28 C0 - 52 B8 AE BE 85 EB 9D 3F ..o?..(.R......?
0x20008498  3E 0A D7 BC F6 28 04 C0 - EC 51 B4 3F B8 1E 7D BF >....(...Q.?..}.
0x200084A8  EC 51 B4 BF A4 70 D1 BF - EC 51 0A C0 5C 8F 9A BF .Q...p...Q..\...
0x200084B8  15 AE 0D C0 F6 28 3C C0 - 0A D7 CB BF F6 28 92 C0 .....(<......(..
0x200084C8  D7 A3 81 C0 33 33 B3 BD - 15 AE B0 C0 AE 47 9A C0 ....33.......G..
0x200084D8  7B 14 16 3F B8 1E DA C0 - 5C 8F 93 C0 48 E1 FA BE {..?....\...H...
0x200084E8  E1 7A 41 C1 9A 99 C2 C0 - 7B 14 16 3F AE 87 AD C1 .zA.....{..?....
0x200084F8  48 E1 AD C0 EC 51 18 3F - E1 FA A1 C1 E1 7A B3 C0 H....Q.?.....z..
0x20008508  33 33 AC 40 CD 0C C5 C1 - C3 F5 14 C1 29 5C 88 40 33.@........)\.@
0x20008518  71 BD 8A C1 8F C2 5D C0 - F6 28 04 3F F6 A8 8E C1 q.....]..(.?....
0x20008528  AE 47 F5 C0 15 AE B7 BF - 15 AE 86 C1 3D 0A A6 C0 .G..........=...
0x20008538  15 AE 45 C0 48 A1 D9 C1 - 8F C2 4F C0 A4 F0 1C C1 ..E.H.....O.....
0x20008548  D7 C3 1C C2 B8 9E 25 C1 - 52 B8 C3 C0 5C 2F 24 C2 ......%.R...\/$.
0x20008558  8F 42 06 C1 29 5C D5 C0 - 3D EA 18 C2 9A 99 57 C1 .B..)\..=.....W.
0x20008568  0A D7 4B C0 CD 0C CC C1 - 15 AE E8 C0 8F C2 09 C1 ..K.............
0x20008578  33 F3 83 C1 C3 F5 86 C0 - D7 A3 AB C0 29 DC 4A C1 3...........).J.
0x20008588  F6 28 92 C0 E1 7A 10 C0 - CD 4C 4A C1 AE 47 9A C0 .(...z...LJ..G..
0x20008598  9A 99 AD 3F 8F C2 79 C1 - EC 51 83 C0 F6 28 F4 3F ...?..y..Q...(.?
0x200085A8  52 B8 B5 C1 E1 7A 48 C0 - 66 66 BE BF F6 A8 F0 C1 R....zH.ff......
0x200085B8  D7 A3 C0 C0 5C 8F 52 BF - A4 70 D1 C1 5C 8F C4 C0 ....\.R..p..\...
0x200085C8  9A 99 11 C0 71 BD B4 C1 - 3D 0A BB C0 0A D7 4B C0 ....q...=.....K.
0x200085D8  00 80 96 C1 7B 14 8F C0 - 33 33 CF BF E1 BA 87 C1 ....{...33......
0x200085E8  CD CC 62 C0 AE 47 A1 BD - 29 1C 98 C1 29 5C 2B C0 ..b..G..)...)\+.
0x200085F8  F6 28 8B 40 E1 FA A1 C1 - 71 3D 1C C0 1F 85 8E 40 .(.@....q=.....@
0x20008608  E1 BA B1 C1 C3 F5 94 C0 - 9A 99 3B 40 9A 59 93 C1 ..........;@.Y..
0x20008618  00 00 6E C0 0A D7 13 3F - 3D 4A 88 C1 5C 8F 85 C0 ..n....?=J..\...
0x20008628  C3 F5 94 3F 00 00 4B C1 - 29 5C 71 C0 5C 8F B6 3F ...?..K.)\q.\..?
0x20008638  9A 19 15 C1 3E 0A 57 C0 - CD CC 9C 3F 00 00 13 C1 ....>.W....?....
0x20008648  0A D7 05 C0 1F 85 80 40 - 00 00 44 C1 15 AE 37 BF .......@..D...7.
0x20008658  8F C2 33 40 8F 42 22 C1 - C3 F5 22 C0 F6 28 58 40 ..3@.B"..."..(X@
0x20008668  7B 14 EA C0 9A 99 11 BF - EC 51 83 40 E1 7A DD C0 {........Q.@.z..
0x20008678  D7 A3 A4 3F 9A 99 E5 3F - 29 5C 47 C0 D7 A3 6A 40 ...?...?)\G...j@
0x20008688  D7 A3 5C C0 71 3D E2 40 - CD CC 9C 40 29 5C 7F BF ..\.q=.@...@)\..
0x20008698  5C 8F 1A 41 7B 14 8F 40 - D7 23 2F 41 B8 1E 86 40 \..A{..@.#/A...@
0x200086A8  AE 47 4B 40 15 AE A2 C0 - 52 B8 84 40 7B 14 96 40 .GK@....R..@{..@
0x200086B8  F6 28 D8 BF D7 A3 D5 40 - B8 1E 86 40 3D 0A 1F 40 .(.....@...@=..@
0x200086C8  C3 F5 CC BF 29 5C 01 C0 - EC D1 3E 41 8F C2 A5 3E ....)\....>A...>
0x200086D8  66 66 86 3F 85 EB F1 3F - 0A D7 93 BF 71 3D AA BF ff.?...?....q=..
0x200086E8  71 3D FE 3F 66 66 06 BE - 33 33 33 3F 3E 0A D7 3D q=.?ff..333?>..=
0x200086F8  8F C2 5D BF 5C 8F 52 BF - D7 A3 24 40 EC 51 18 40 ..].\.R...$@.Q.@
0x20008708  15 AE 6F BF AE 47 BD 3F - AE 47 A1 3E 71 3D C6 BF ..o..G.?.G.>q=..
0x20008718  48 E1 A6 3F 00                                    H..?.           
