0x20008278  29 5C 8F 40 33 33 4F C0 - 3E 0A D7 BC 9A 99 91 40 )\.@33O.>......@
0x20008288  66 66 68 C0 D7 A3 A4 3F - 9A 99 F3 40 0A D7 67 C0 ffh....?...@..g.
0x20008298  66 66 76 3F C3 F5 5A 41 - 3D 0A 2D C0 48 E1 C2 40 ffv?..ZA=.-.H..@
0x200082A8  3D CA A0 41 1F 85 23 C0 - A4 70 58 41 3D CA BC 41 =..A..#..pXA=..A
0x200082B8  C3 F5 4C C0 29 5C 63 41 - AE 47 EE 41 71 3D 9C C0 ..L.)\cA.G.Aq=..
0x200082C8  52 B8 58 41 7B 34 1C 42 - 48 E1 A6 BF 29 5C B9 40 R.XA{4.BH...)\.@
0x200082D8  00 A0 15 42 0A D7 AF BF - A4 70 AE 40 1F 65 32 42 ...B.....p.@.e2B
0x200082E8  48 E1 7A 3D 85 EB 9D 3F - 52 38 FF 41 A4 70 B5 3F H.z=...?R8.A.p.?
0x200082F8  48 E1 FA 3D 29 5C EA 41 - 7B 14 32 40 33 33 33 BD H..=)\.A{.2@333.
0x20008308  71 3D B1 41 7B 14 08 C0 - 9A 99 11 BF 66 E6 90 41 q=.A{.......f..A
0x20008318  B8 1E 0D 3F B8 1E 7D C0 - 0A 57 64 41 48 E1 42 BF ...?..}..WdAH.B.
0x20008328  AE 47 AF C0 48 61 4D 41 - EC 51 7A C0 EC 51 18 BE .G..HaMA.Qz..Q..
0x20008338  AE C7 5C 41 52 B8 92 BF - 00 00 A8 BF 7B 14 8F 41 ..\AR.......{..A
0x20008348  D7 A3 40 BF 48 E1 C2 3F - 33 73 8E 41 33 33 CF BF ..@.H..?3s.A33..
0x20008358  3D 0A 49 40 1F 05 92 41 - E1 7A 02 C0 CD CC 46 40 =.I@...A.z....F@
0x20008368  48 E1 7A 41 48 E1 8A BE - 1F 85 5B C0 71 3D 4D 41 H.zAH.....[.q=MA
0x20008378  3E 0A 57 BF D7 A3 08 C0 - 00 00 44 41 8F C2 C1 BF >.W.......DA....
0x20008388  CD CC 9C C0 A4 70 7B 41 - 3D 0A 1F BF C3 F5 BE C0 .....p{A=.......
0x20008398  66 E6 90 41 66 66 14 C0 - EC 51 D0 BF B8 9E 64 41 f..Aff...Q....dA
0x200083A8  9A 99 AD C0 00 00 E0 BF - 66 26 81 41 CD CC 95 C0 ........f&.A....
0x200083B8  CD CC F0 BF B8 9E 56 41 - 8F C2 25 C0 00 00 93 C0 ......VA..%.....
0x200083C8  A4 70 ED 40 CD CC 62 C0 - B8 1E 0D 3F 66 66 E8 40 .p.@..b....?ff.@
0x200083D8  71 3D 8E BF 48 E1 7A C0 - D7 A3 39 41 48 E1 7A 3D q=..H.z...9AH.z=
0x200083E8  EC 51 26 40 71 BD 57 41 - 33 33 B3 3F 85 EB F1 3E .Q&@q.WA33.?...>
0x200083F8  1F 85 4D 40 0A D7 E7 BF - 48 E1 0A BF AE 47 F5 3F ..M@....H....G.?
0x20008408  7B 14 08 C0 33 33 33 BD - 33 33 A5 40 E1 7A 2C BF {...333.33.@.z,.
0x20008418  85 EB 39 BF 00 00 FC 3F - F6 28 D8 BF 48 E1 0A BF ..9....?.(..H...
0x20008428  85 EB 39 BF F6 28 A0 BF - CD CC 1C C0 CD CC D4 BF ..9..(..........
0x20008438  9A 99 AD BF CD CC 1C C0 - 8F C2 89 BF 48 E1 8A BE ............H...
0x20008448  0A D7 AF BF 29 5C 01 C0 - C3 F5 CC BF A4 70 43 C0 ....)\.......pC.
0x20008458  71 3D 2A C0 29 5C 8F 3C - 66 66 30 C0 71 3D CD C0 q=*.)\.<ff0.q=..
0x20008468  52 B8 CA BF EC 51 D0 BF - 5C 8F 85 C0 00 00 60 BF R....Q..\.....`.
0x20008478  48 E1 7A C0 9A 99 57 C1 - 1F 85 87 BF D7 A3 A4 C0 H.z...W.........
0x20008488  F6 68 89 C1 48 E1 98 C0 - 71 3D 8E 40 E1 7A EB C1 .h..H...q=.@.z..
0x20008498  CD CC B1 C0 F6 28 12 40 - 8F 62 13 C2 AE 47 05 C1 .....(.@.b...G..
0x200084A8  AE 47 59 40 8F 62 28 C2 - 15 AE F6 C0 71 3D DB 40 .GY@.b(.....q=.@
0x200084B8  71 1D 16 C2 52 B8 DF C0 - C3 F5 B7 C0 52 B8 F4 C1 q...R.......R...
0x200084C8  D7 A3 FF C0 48 E1 BB C0 - D7 E3 D3 C1 F6 28 C3 C0 ....H........(..
0x200084D8  8F C2 DD C0 71 3D D4 C1 - 85 EB F8 C0 00 00 28 C1 ....q=........(.
0x200084E8  AE C7 C0 C1 E1 7A D6 C0 - D7 A3 08 C1 29 DC B5 C1 .....z......)...
0x200084F8  29 5C DC C0 71 3D CD C0 - 52 78 E1 C1 00 00 C4 C0 )\..q=..Rx......
0x20008508  D7 23 2F C1 85 6B CB C1 - 29 5C C7 C0 29 5C DC C0 .#/..k..)\..)\..
0x20008518  C3 B5 DC C1 15 AE DA C0 - 52 B8 3C C0 00 C0 C5 C1 ........R.<.....
0x20008528  48 E1 AD C0 EC 51 EC BF - EC 91 96 C1 7B 14 B9 C0 H....Q......{...
0x20008538  B8 1E A9 BF 3D 0A 83 C1 - 85 EB 8F C0 33 33 B3 3D ....=.......33.=
0x20008548  3D CA A7 C1 1F 85 B8 C0 - 0A D7 93 3F CD 4C AE C1 =..........?.L..
0x20008558  66 66 94 C0 F6 28 BC 3E - 7B 14 D5 C1 48 E1 6C C0 ff...(.>{...H.l.
0x20008568  85 EB 71 BF 7B 94 ED C1 - C3 F5 8D C0 00 00 60 3F ..q.{.........`?
0x20008578  52 B8 DF C1 85 EB 71 C0 - F6 28 3C 3E 66 E6 AC C1 R.....q..(<>f...
0x20008588  15 AE 86 C0 00 00 85 40 - 9A 19 46 C1 48 E1 42 C0 .......@..F.H.B.
0x20008598  0A D7 8C 40 33 33 10 C1 - 33 33 09 C0 85 EB B9 40 ...@33..33.....@
0x200085A8  D7 A3 24 C1 29 5C 71 C0 - C3 F5 3E 40 85 6B 4B C1 ..$.)\q...>@.kK.
0x200085B8  9A 99 49 C0 9A 99 11 3F - 48 21 89 C1 33 33 9E C0 ..I....?H!..33..
0x200085C8  7B 14 16 BF 15 AE 29 C1 - 33 33 82 C0 F6 28 F4 C0 {.....).33...(..
0x200085D8  EC 51 34 C0 A4 70 84 C0 - 85 EB 0F C1 33 33 41 41 .Q4..p......33AA
0x200085E8  29 5C 7F 40 E1 7A 9E 40 - 48 E1 7A 41 8F C2 4F 40 )\.@.z.@H.zA..O@
0x200085F8  48 61 80 41 85 6B 2F 41 - 7B 14 40 40 AE 47 FC 40 Ha.A.k/A{.@@.G.@
0x20008608  71 3D 70 40 71 3D AA 3F - 5C 8F 28 40 D7 A3 88 BF q=p@q=.?\.(@....
0x20008618  E1 7A 10 40 66 66 76 C0 - 71 3D 8E 40 48 E1 FA 3F .z.@ffv.q=.@H..?
0x20008628  48 E1 0A 3F EC 51 7A 40 - 5C 8F D2 3E AE 47 21 3F H..?.Qz@\..>.G!?
0x20008638  00 00 0C 40 71 3D 8E 3F - F6 28 84 BF AE 47 75 40 ...@q=.?.(...Gu@
0x20008648  15 AE 53 40 AE 47 4B C0 - 29 5C 63 40 AE 47 59 40 ..S@.GK.)\c@.GY@
0x20008658  48 E1 FA 3D 48 E1 0A 40 - 29 5C E3 3F B8 1E E1 BF H..=H..@)\.?....
0x20008668  3D 0A 11 40 3E 0A 57 3F - 48 E1 34 C0 33 33 B3 3E =..@>.W?H.4.33.>
0x20008678  1F 85 F7 BF 7B 14 16 BF - 00 00 E0 3E 33 33 97 BF ....{......>33..
0x20008688  B8 1E 0D C0 9A 99 49 3F - E1 7A E4 BF F6 28 3C BF ......I?.z...(<.
0x20008698  EC 51 18 BE 5C 8F 1A C0 - AE 47 21 BF F6 28 74 3F .Q..\....G!..(t?
0x200086A8  00 00 E0 BF A4 70 19 C0 - 71 3D 2A 3F 52 B8 04 C0 .....p..q=*?R...
0x200086B8  3E 0A 57 BF 3E 0A D7 3C - 9A 99 11 C0 AE 47 A1 3D >.W.>..<.....G.=
0x200086C8  8F C2 25 3F 5C 8F D2 BF - 33 33 33 3D 00 00 E0 BE ..%?\...333=....
0x200086D8  D7 A3 DC BF EC 51 B4 3F - D7 A3 C0 BE 85 EB 2B C0 .....Q.?......+.
0x200086E8  AE 47 A1 3E C3 F5 E8 BD - 00 00 FC BF F6 28 A0 3F .G.>.........(.?
0x200086F8  C3 F5 68 BE 8F C2 F9 BF - 52 B8 04 40 1F 85 5B 3F ..h.....R..@..[?
0x20008708  EC 51 50 C0 C3 F5 E8 3E - 3E 0A D7 BC 29 5C 47 C0 .QP....>>...)\G.
0x20008718  3E 0A 57 3D 00                                    >.W=.           
