0x20008278  0A 57 64 41 A4 70 27 C0 - 48 E1 7A BF 9A D9 81 41 .WdA.p'.H.z....A
0x20008288  8F C2 A5 3E 9A 99 73 40 - E1 7A 72 41 F6 28 BC BF ...>..s@.zrA.(..
0x20008298  9A 99 8A 40 33 B3 44 41 - C3 F5 3E C0 71 3D AA 3F ...@3.DA..>.q=.?
0x200082A8  C3 75 6C 41 3E 0A D7 BF - EC 51 18 3E D7 A3 5C 41 .ulA>....Q.>..\A
0x200082B8  C3 F5 86 C0 0A D7 21 C0 - 7B 14 40 41 7B 14 88 C0 ......!.{.@A{...
0x200082C8  F6 28 A0 C0 F6 A8 1C 41 - 00 00 8C C0 5C 8F 60 C0 .(.....A....\.`.
0x200082D8  52 38 16 41 7B 14 40 C0 - E1 7A C1 C0 AE 47 52 41 R8.A{.@..z...GRA
0x200082E8  66 66 3E BF 33 33 6B C0 - 0A 97 B1 41 85 EB D5 3F ff>.33k....A...?
0x200082F8  29 5C FF BF B8 9E EB 41 - B8 1E B7 40 F6 28 A0 40 )\.....A...@.(.@
0x20008308  F6 A8 00 42 AE C7 0F 41 - 1F 85 23 41 52 78 E1 41 ...B...A..#ARx.A
0x20008318  3E 0A F3 40 8F C2 10 41 - 00 00 8C 41 E1 7A 72 40 >..@...A...A.zr@
0x20008328  C3 F5 94 40 0A D7 6E 41 - 15 AE 53 40 48 E1 26 40 ...@..nA..S@H.&@
0x20008338  D7 A3 78 41 A4 70 51 40 - 15 AE B7 3E 8F 02 9D 41 ..xA.pQ@...>...A
0x20008348  8F C2 82 40 66 66 A2 3F - 85 2B A3 41 3D 0A 49 40 ...@ff.?.+.A=.I@
0x20008358  00 00 28 BF 85 AB 8A 41 - 1F 85 DB 3E B8 1E E1 3F ..(....A...>...?
0x20008368  8F 42 86 41 CD CC 54 3F - F6 28 58 40 00 00 6E 41 .B.A..T?.(X@..nA
0x20008378  29 5C 0F BE 1F 85 A3 40 - 00 00 A1 40 85 EB 39 C0 )\.....@...@..9.
0x20008388  33 33 CF BF F6 A8 15 41 - 71 3D C6 BF 71 3D C6 3F 33.....Aq=..q=.?
0x20008398  B8 1E 4C 41 D7 A3 40 3F - 15 AE 45 40 48 E1 7A 3F ..LA..@?..E@H.z?
0x200083A8  48 E1 50 C0 29 5C AB BF - EC 51 0A 41 EC 51 D0 3F H.P.)\...Q.A.Q.?
0x200083B8  48 E1 26 C0 E1 7A EB 40 - 00 00 00 00 A4 70 43 C0 H.&..z.@.....pC.
0x200083C8  00 00 93 40 B8 1E 0D C0 - D7 A3 16 C0 29 DC 12 41 ...@........)..A
0x200083D8  9A 99 C9 3F 7B 14 96 BF - 15 AE B7 3F C3 F5 14 C0 ...?{......?....
0x200083E8  C3 F5 E8 3E EC 51 98 40 - D7 A3 88 BF 33 33 89 40 ...>.Q.@....33.@
0x200083F8  E1 7A C8 3F 3E 0A 57 C0 - 1F 85 69 40 29 5C AB 40 .z.?>.W...i@)\.@
0x20008408  CD CC 9C BF EC 51 91 40 - CD CC 1C 40 AE 47 2F C0 .....Q.@...@.G/.
0x20008418  29 5C 55 40 F6 28 92 40 - AE 47 F5 BF 85 EB 71 3F )\U@.(.@.G....q?
0x20008428  0A D7 A1 40 C3 F5 94 BF - 1F 85 87 3F C3 F5 E8 3F ...@.......?...?
0x20008438  E1 7A 10 C0 48 E1 42 40 - 7B 14 B2 3F B8 1E 1B C0 .z..H.B@{..?....
0x20008448  7B 14 4E 3E 00 00 44 40 - 3D 0A 1F BF C3 F5 30 3F {.N>..D@=.....0?
0x20008458  B8 1E C5 BF 85 EB 71 C0 - 85 EB 39 3F 1F 85 23 BF ......q...9?..#.
0x20008468  15 AE D3 BF 71 3D AA 3E - 52 B8 CA BF 71 3D 87 C0 ....q=.>R...q=..
0x20008478  0A D7 93 BE E1 7A 48 C0 - 3E 0A 73 C0 B8 1E A9 BF .....zH.>.s.....
0x20008488  EC 51 18 BF 0A D7 13 C0 - C3 F5 CC BF 00 00 85 C0 .Q..............
0x20008498  D7 A3 32 C0 5C 8F 9A BF - 0A D7 FC C0 9A 99 AD C0 ..2.\...........
0x200084A8  B8 1E 1B C0 71 3D CD C0 - AE 47 AF C0 33 33 25 C0 ....q=...G..33%.
0x200084B8  1F 05 12 C1 D7 A3 AB C0 - C3 F5 E8 3D 33 B3 36 C1 ...........=3.6.
0x200084C8  29 5C 9D C0 A4 70 35 C0 - EC D1 94 C1 1F 85 BF C0 )\...p5.........
0x200084D8  D7 A3 C0 BE EC 51 FA C0 - E1 7A 72 40 CD CC 00 C0 .....Q...zr@....
0x200084E8  71 7D D2 C1 29 5C 16 C1 - D7 A3 C0 BF CD 8C B3 C1 q}..)\..........
0x200084F8  CD CC A3 C0 F6 28 84 40 - 52 38 FF C1 8F C2 41 C1 .....(.@R8....A.
0x20008508  A4 70 6D 40 48 41 16 C2 - 52 38 4E C1 29 5C FF BE .pm@HA..R8N.)\..
0x20008518  9A 79 20 C2 85 EB 55 C1 - 3D 0A 9F C0 48 A1 E7 C1 .y ...U.=...H...
0x20008528  0A D7 28 C1 B8 1E 1B C0 - 1F 85 AA C1 71 BD 5E C1 ..(.........q.^.
0x20008538  3D 8A 0D C1 0A D7 BD C1 - 1F 85 07 C1 52 B8 DF C0 =...........R...
0x20008548  0A D7 D2 C1 9A 99 3B C1 - 29 5C 0F BF 00 00 D9 C1 ......;.)\......
0x20008558  C3 75 65 C1 9A 99 11 3F - EC 91 FF C1 71 BD 5E C1 .ue....?....q.^.
0x20008568  52 B8 E6 3F 15 CE 05 C2 - 3D 0A 50 C1 29 5C 8F BF R..?....=.P.)\..
0x20008578  15 2E E5 C1 5C 8F 21 C1 - 48 E1 0A BF EC 51 C2 C1 ....\.!.H....Q..
0x20008588  48 61 23 C1 C3 F5 94 BF - 71 7D BD C1 C3 75 1F C1 Ha#.....q}...u..
0x20008598  AE 47 21 3F CD CC BF C1 - 00 00 D2 C0 7B 14 40 40 .G!?........{.@@
0x200085A8  15 EE 99 C1 E1 7A DD C0 - 48 E1 98 40 5C CF A6 C1 .....z..H..@\...
0x200085B8  33 33 DD C0 15 AE 9B 40 - E1 FA BD C1 9A 99 9F C0 33.....@........
0x200085C8  3D 0A 9F 40 E1 FA BD C1 - 00 00 A8 C0 F6 28 04 41 =..@.........(.A
0x200085D8  33 33 B3 C1 1F 85 23 BF - 1F 85 80 40 1F 05 BC C1 33....#....@....
0x200085E8  66 66 06 BE 33 33 17 40 - 71 7D A8 C1 CD CC 2A 40 ff..33.@q}....*@
0x200085F8  3D 0A 8A C0 B8 1E A2 C1 - C3 F5 30 3F 48 E1 C2 BF =.........0?H...
0x20008608  85 EB 7F C1 D7 A3 08 40 - 8F C2 A5 BE 29 DC 58 C1 .......@....).X.
0x20008618  B8 1E 37 40 8F C2 41 C0 - B8 1E 3E C1 F6 28 12 40 ..7@..A...>..(.@
0x20008628  F6 28 BC 3F 71 3D FE BF - 66 66 3E 3F 00 00 85 40 .(.?q=..ff>?...@
0x20008638  EC 51 EC 3F AE 47 A1 BD - 0A D7 AF 3F AE 47 D9 3F .Q.?.G.....?.G.?
0x20008648  48 E1 C2 BF 0A D7 D9 40 - 71 3D 7E 40 EC 51 18 BE H......@q=~@.Q..
0x20008658  E1 7A 2C 40 C3 F5 B7 40 - 33 33 B3 BE 48 E1 83 C0 .z,@...@33..H...
0x20008668  7B 14 C0 40 F6 28 BC BE - CD CC 2A C0 A4 70 35 40 {..@.(....*..p5@
0x20008678  CD CC 80 40 CD CC 54 3F - 3E 0A 57 3E F6 28 4A 40 ...@..T?>.W>.(J@
0x20008688  EC 51 18 C0 3D 0A 11 C0 - 85 EB 71 BE 1F 85 87 C0 .Q..=.....q.....
0x20008698  AE 47 A1 BD 5C 8F 9A 3F - 66 66 D3 C0 3D 0A 91 40 .G..\..?ff..=..@
0x200086A8  F6 28 8B 40 71 3D FE BF - 29 5C 8F BC 0A D7 13 BF .(.@q=..)\......
0x200086B8  33 33 B3 3E 3E 0A 57 BE - 7B 14 4E 3F 29 5C C7 3F 33.>>.W.{.N?)\.?
0x200086C8  B8 1E 8D 3F 3D 0A 03 40 - CD CC 80 3F 85 EB 71 40 ...?=..@...?..q@
0x200086D8  D7 A3 08 BF 66 66 3E BF - CD CC B8 3F 48 E1 18 C0 ....ff>....?H...
0x200086E8  B8 1E E1 BF 1F 85 80 40 - 5C 8F 52 BF 0A D7 4B 3F .......@\.R...K?
0x200086F8  CD CC B8 3F 0A D7 21 C0 - 29 5C AB BF EC 51 9F 40 ...?..!.)\...Q.@
0x20008708  52 B8 20 C0 B8 1E 53 C0 - 71 3D FE 3F 3D 0A 11 C0 R. ...S.q=.?=...
0x20008718  8F C2 A5 BF 00                                    .....           
