0x20008278  71 BD 26 41 D7 A3 40 C0 - EC 51 98 BE 00 00 E0 3E q.&A..@..Q.....>
0x20008288  C3 F5 94 BF 33 33 09 C0 - 66 66 06 BF 66 66 F6 BF ....33..ff..ff..
0x20008298  15 AE 0D 40 0A D7 13 BF - 1F 85 DB BF 5C 8F D2 BE ...@........\...
0x200082A8  00 00 7C 40 CD CC 0E C0 - EC 51 98 BE C3 F5 94 40 ..|@.....Q.....@
0x200082B8  5C 8F 0C C0 48 E1 0A BF - 52 B8 FB 40 8F C2 4F C0 \...H...R..@..O.
0x200082C8  85 EB 01 BF 0A 57 10 41 - 3D 0A 11 C0 29 5C 8F BE .....W.A=...)\..
0x200082D8  8F C2 C8 40 00 00 1A C0 - EC 51 98 BF 7B 14 8F 40 ...@.....Q..{..@
0x200082E8  8F C2 09 C0 52 B8 2E 3F - F6 28 66 40 D7 A3 40 C0 ....R..?.(f@..@.
0x200082F8  5C 8F 1A 3F 66 E6 33 41 - 48 E1 34 C0 8F C2 89 40 \..?f.3AH.4....@
0x20008308  EC 51 26 41 B8 1E 86 C0 - B8 1E 0D 40 71 7D A1 41 .Q&A.......@q}.A
0x20008318  3D 0A 83 C0 F6 28 74 40 - 0A 97 B8 41 71 3D 80 C0 =....(t@...Aq=..
0x20008328  C3 F5 9B 40 33 33 82 41 - B8 1E 0D C0 48 E1 50 40 ...@33.A....H.P@
0x20008338  E1 7A 48 41 AE 47 F5 BF - 29 5C 55 40 29 DC 19 41 .zHA.G..)\U@)..A
0x20008348  7B 14 5C C0 9A 99 73 40 - 1F 85 15 41 00 00 E0 BF {.\...s@...A....
0x20008358  33 33 6B BF 15 2E 3B 41 - 66 66 4C C0 F6 28 BC 3E 33k...;AffL..(.>
0x20008368  8F C2 72 41 15 AE 94 C0 - 0A D7 3D 40 52 38 96 41 ..rA......=@R8.A
0x20008378  0A D7 4B C0 F6 28 74 3F - 7B 94 92 41 7B 14 78 C0 ..K..(t?{..A{.x.
0x20008388  7B 14 CE 3F AE 87 91 41 - 33 33 B3 BF 71 3D 62 3F {..?...A33..q=b?
0x20008398  B8 1E 94 41 C3 F5 3E C0 - 3D 0A 3B 40 9A D9 A4 41 ...A..>.=.;@...A
0x200083A8  9A 99 AD BF 0A D7 E7 3F - 33 B3 8C 41 1F 85 69 C0 .......?3..A..i.
0x200083B8  B8 1E 37 40 7B 94 4A 41 - 8F C2 17 C0 00 00 1A 40 ..7@{.JA.......@
0x200083C8  66 E6 2C 41 D7 A3 F8 BF - D7 A3 40 3F 0A D7 3D 41 f.,A......@?..=A
0x200083D8  29 5C 2B C0 E1 7A 10 40 - A4 F0 62 41 00 00 C4 BF )\+..z.@..bA....
0x200083E8  C3 F5 E8 3E E1 7A 4F 41 - EC 51 18 BE 1F 85 23 C0 ...>.zOA.Q....#.
0x200083F8  F6 28 51 41 C3 F5 68 BF - 7B 14 16 C0 52 38 47 41 .(QA..h.{...R8GA
0x20008408  C3 F5 06 C0 0A D7 21 C0 - 48 E1 65 41 52 B8 CA BF ......!.H.eAR...
0x20008418  C3 F5 CC BF 85 2B 80 41 - 5C 8F 1A C0 33 33 33 3D .....+.A\...333=
0x20008428  00 00 6E 41 29 5C 47 C0 - 7B 14 08 40 E1 FA 85 41 ..nA)\G.{..@...A
0x20008438  1F 85 80 C0 C3 F5 4C 40 - 1F 05 51 41 A4 70 C3 C0 ......L@..QA.p..
0x20008448  EC 51 6C 40 29 5C 40 41 - 71 3D 62 C0 5C 8F 8C 40 .Ql@)\@Aq=b.\..@
0x20008458  C3 F5 45 41 B8 1E 1B C0 - 29 5C 01 C0 29 DC 19 41 ..EA....)\..)..A
0x20008468  0A D7 13 C0 71 3D E2 3F - B8 1E DA 40 9A 99 2D C0 ....q=.?...@..-.
0x20008478  15 AE 6F 3F EC 51 6C 40 - B8 1E C5 3E 3D 0A 11 C0 ..o?.Ql@...>=...
0x20008488  AE 47 A1 3F 71 3D 00 C0 - AE 47 A1 3D 1F 85 15 40 .G.?q=...G.=...@
0x20008498  66 66 06 BF E1 7A 2C C0 - 48 E1 26 40 85 EB 55 C0 ff...z,.H.&@..U.
0x200084A8  B8 1E E1 BF A4 70 D1 3F - 15 AE 9B C0 29 5C 8F BF .....p.?....)\..
0x200084B8  A4 70 B5 3F 52 B8 84 C0 - 52 B8 2E C0 0A D7 13 40 .p.?R...R......@
0x200084C8  1F 85 31 C0 48 E1 0A C0 - 66 66 30 40 B8 1E 45 BF ..1.H...ff0@..E.
0x200084D8  1F 85 23 C0 33 33 EB 3F - 8F C2 4F C0 48 E1 FA BD ..#.33.?..O.H...
0x200084E8  33 33 97 BF A4 70 B5 BF - 3E 0A F3 BF 15 AE D3 BF 33...p..>.......
0x200084F8  29 5C FF BF 00 00 60 3E - 00 00 1A C0 A4 70 D1 BF )\....`>.....p..
0x20008508  F6 28 D8 BF CD CC 62 C0 - 71 3D 46 C0 29 5C 47 BF .(....b.q=F.)\G.
0x20008518  3D 0A 2D C0 15 AE 1B C0 - AE 47 21 3E 3D 0A 03 C1 =.-......G!>=...
0x20008528  EC 51 34 C0 B8 1E 7D BF - 3D 8A 0D C1 3D 0A 49 C0 .Q4...}.=...=.I.
0x20008538  85 EB 01 BF 15 2E 0A C1 - 29 5C E3 BF 48 E1 42 3F ........)\..H.B?
0x20008548  9A 99 65 C1 5C 8F 52 C0 - 29 5C 96 40 AE 47 44 C1 ..e.\.R.)\.@.GD.
0x20008558  B8 1E 0D 3F C3 F5 E8 3F - 15 AE A9 C1 29 5C E3 C0 ...?...?....)\..
0x20008568  F6 28 20 40 3D 0A 9F C1 - 5C 8F 28 C0 52 B8 CA 3F .( @=...\.(.R..?
0x20008578  71 3D E2 C1 7B 14 16 C0 - 66 66 86 C0 1F 05 C3 C1 q=..{...ff......
0x20008588  AE 47 BD C0 9A 99 F3 C0 - 1F 85 AA C1 48 E1 8A BF .G..........H...
0x20008598  B8 9E 48 C1 CD 4C D1 C1 - 7B 14 88 C0 7B 14 47 C1 ..H..L..{...{.G.
0x200085A8  D7 A3 B9 C1 9A 99 91 C0 - 7B 14 4E C1 66 A6 99 C1 ........{.N.f...
0x200085B8  9A 99 03 C0 29 5C CE C0 - E1 FA 75 C1 7B 14 CE BF ....)\....u.{...
0x200085C8  AE 47 21 BF 1F C5 93 C1 - 48 E1 FA BF 71 3D 2A BE .G!.....H...q=*.
0x200085D8  52 B8 74 C1 3E 0A F3 BF - F6 28 3C BE 9A 59 8C C1 R.t.>....(<..Y..
0x200085E8  C3 F5 68 3E 3D 0A BB BF - 48 E1 B4 C1 1F 85 23 BF ..h>=...H.....#.
0x200085F8  3E 0A D7 3C 3D 4A 9D C1 - 8F C2 A5 BE 9A 99 03 C0 >..<=J..........
0x20008608  8F 02 81 C1 D7 A3 F8 BF - F6 28 12 C0 52 B8 84 C1 .........(..R...
0x20008618  A4 70 ED BF AE 47 4B C0 - 0A 57 6B C1 AE 47 F5 BF .p...GK..Wk..G..
0x20008628  B8 1E E1 BF 15 2E 57 C1 - 0A D7 4B BF 48 E1 26 C0 ......W...K.H.&.
0x20008638  0A 17 A7 C1 85 EB 71 3F - 0A D7 E7 BF 52 78 86 C1 ......q?....Rx..
0x20008648  66 66 F6 BE 29 5C 8F BC - 0A D7 60 C1 7B 14 CE BE ff..)\....`.{...
0x20008658  E1 7A 56 C0 AE 47 59 C1 - 85 EB 39 BF C3 F5 68 BE .zV..GY...9...h.
0x20008668  CD CC 54 C1 C3 F5 94 BF - 0A D7 E7 3F 7B 94 66 C1 ..T........?{.f.
0x20008678  00 00 C4 BF E1 7A C8 3F - 33 73 9C C1 B8 1E 45 BE .....z.?3s....E.
0x20008688  7B 14 96 BF 52 38 AB C1 - 71 3D AA 3E 9A 99 91 BF {...R8..q=.>....
0x20008698  F6 A8 9C C1 C3 F5 E8 BE - 1F 85 3F C0 15 2E AD C1 ..........?.....
0x200086A8  66 66 76 3F 9A 99 98 C0 - 5C CF 91 C1 B8 1E 45 3F ffv?....\.....E?
0x200086B8  CD CC 46 C0 29 5C 81 C1 - 00 00 0C C0 7B 14 78 C0 ..F.)\......{.x.
0x200086C8  66 E6 5D C1 48 E1 DE BF - 3D 0A 8A C0 0A D7 28 C1 f.].H...=.....(.
0x200086D8  15 AE B7 BF 5C 8F D2 BF - E1 7A 1E C0 00 00 00 00 ....\....z......
0x200086E8  71 3D 1C 40 33 33 5D C0 - 7B 14 9D 40 3D 8A 29 41 q=.@33].{..@=.)A
0x200086F8  00 00 FC 3F AE 47 85 40 - B8 1E 37 41 8F C2 09 40 ...?.G.@..7A...@
0x20008708  0A D7 21 40 29 5C 2B 40 - F6 28 CA 40 CD CC 1C C0 ..!@)\+@.(.@....
0x20008718  15 AE 6F BF 00                                    ..o..           
