0x20008278  33 33 B3 3F 71 3D 38 C0 - 33 33 33 BF 8F C2 DD 3F 33.?q=8.333....?
0x20008288  B8 1E 0D 3F 85 EB 71 BF - 52 B8 92 BF EC 51 5E C0 ...?..q.R....Q^.
0x20008298  5C 8F D2 3E 48 E1 8A 3E - D7 A3 DC BF CD CC 54 BF \..>H..>......T.
0x200082A8  48 E1 42 40 CD CC 1C BF - 71 3D 8E BF E1 7A 9E 40 H.B@....q=...z.@
0x200082B8  71 3D 54 C0 1F 85 5B BF - 48 61 31 41 AE 47 D9 BF q=T...[.Ha1A.G..
0x200082C8  85 EB 9D 3F AE 47 A1 41 - 85 EB 7F 40 C3 F5 E8 3F ...?.G.A...@...?
0x200082D8  7B D4 B3 41 48 E1 DE 40 - 0A D7 AF BF 85 6B C4 41 {..AH..@.....k.A
0x200082E8  52 B8 04 40 9A 99 AD BF - CD 4C E6 41 66 66 F6 3F R..@.....L.Aff.?
0x200082F8  E1 7A 64 3F 1F 85 E2 41 - 8F C2 5D BF EC 51 98 3F .zd?...A..]..Q.?
0x20008308  29 DC C3 41 F6 28 3C BF - 9A 99 3B C0 66 E6 AC 41 )..A.(<...;.f..A
0x20008318  3E 0A D7 3E 0A D7 93 3E - E1 7A 72 41 00 00 6E C0 >..>...>.zrA..n.
0x20008328  C3 F5 E8 3E 85 EB 1D 41 - D7 A3 16 C0 00 00 C4 3F ...>...A.......?
0x20008338  7B 94 19 41 9A 99 D0 C0 - E1 7A 48 40 66 E6 10 41 {..A.....zH@f..A
0x20008348  00 00 C4 BF A4 70 D1 3F - 5C 8F 1A 41 3E 0A D7 BF .....p.?\..A>...
0x20008358  A4 70 8B 40 CD CC 4D 41 - EC 51 98 3F 9A 99 73 40 .p.@..MA.Q.?..s@
0x20008368  AE 47 28 41 52 B8 CA 3F - AE 47 D9 BF EC D1 45 41 .G(AR..?.G....EA
0x20008378  E1 7A 97 40 D7 A3 08 C0 - C3 75 18 41 9A 99 91 40 .z.@.....u.A...@
0x20008388  71 3D AA BE 5C 8F 7C 40 - 29 5C 0F BF 33 33 33 BD q=..\.|@)\..333.
0x20008398  33 33 F9 40 71 3D 8E 3F - 7B 14 CE 3F CD CC 31 41 33.@q=.?{..?..1A
0x200083A8  29 5C 0F 3F 48 E1 7A BD - 48 61 46 41 29 5C FF 3F )\.?H.z.HaFA)\.?
0x200083B8  EC 51 50 C0 9A 19 31 41 - 00 00 E0 3E 3E 0A 73 C0 .QP...1A...>>.s.
0x200083C8  48 E1 2D 41 AE 47 4B 40 - D7 A3 08 C0 15 AE CC 40 H.-A.GK@.......@
0x200083D8  85 EB 81 BF B8 1E 7D BF - 15 AE C5 40 29 5C 0F 3E ......}....@)\.>
0x200083E8  3E 0A 57 3D 33 33 EB 40 - 0A D7 13 40 00 00 00 00 >.W=33.@...@....
0x200083F8  C3 F5 EF 40 29 5C 0F 3E - 29 5C 7F BF 52 B8 D1 40 ...@)\.>)\..R..@
0x20008408  AE 47 59 3F 1F 85 07 C0 - D7 A3 08 41 D7 A3 C0 3F .GY?.......A...?
0x20008418  7B 14 08 40 66 66 61 41 - AE 47 75 40 CD CC 38 40 {..@ffaA.Gu@..8@
0x20008428  F6 E8 85 41 00 00 A1 40 - 15 AE 7D 40 52 38 63 41 ...A...@..}@R8cA
0x20008438  9A 99 65 40 7B 14 32 40 - AE 47 36 41 9A 99 AD 40 ..e@{.2@.G6A...@
0x20008448  B8 1E 29 C0 F6 28 D8 40 - 33 33 09 40 AE 47 59 3F ..)..(.@33.@.GY?
0x20008458  8F C2 90 40 D7 A3 08 40 - C3 F5 30 C0 5C 8F 85 40 ...@...@..0.\..@
0x20008468  AE 47 13 C0 EC 51 EC BF - C3 F5 A2 40 00 00 1A C0 .G...Q.....@....
0x20008478  EC 51 0A C0 7B 94 35 41 - D7 A3 DC 3F 85 EB B9 BF .Q..{.5A...?....
0x20008488  EC 51 50 41 85 EB 71 40 - 29 5C FF BF 0A D7 36 41 .QPA..q@)\....6A
0x20008498  8F C2 25 BF 3D 0A 83 3F - 00 00 05 41 8F C2 5D BF ..%.=..?...A..].
0x200084A8  66 66 86 BE 8F C2 BA 40 - 1F 85 F7 3F 15 AE 37 C0 ff.....@...?..7.
0x200084B8  00 00 52 40 EC 51 34 C0 - 33 33 B3 3D 3D 0A 1F 40 ..R@.Q4.33.==..@
0x200084C8  71 3D 0E C0 AE 47 A1 BE - 48 E1 FA 3F 3D 0A 91 C0 q=...G..H..?=...
0x200084D8  3D 0A 1F 3F 8F C2 17 40 - 7B 14 EA BF E1 7A 90 BF =..?...@{....z..
0x200084E8  E1 7A AC 3F 71 3D 46 C0 - 9A 99 49 BF 33 33 17 40 .z.?q=F...I.33.@
0x200084F8  EC 51 98 BE E1 7A E4 BF - CD CC 9C 3E D7 A3 40 C0 .Q...z.....>..@.
0x20008508  D7 A3 08 BF 8F C2 33 40 - D7 A3 C0 BE 00 00 28 BF ......3@......(.
0x20008518  D7 A3 16 40 D7 A3 C0 BF - AE 47 21 3F EC 51 0A 40 ...@.....G!?.Q.@
0x20008528  EC 51 18 BF E1 7A E4 BE - 71 3D AA 3E 0A D7 21 C0 .Q...z..q=.>..!.
0x20008538  CD CC 80 3F F6 28 20 40 - 48 E1 7A BF AE 47 21 3E ...?.( @H.z..G!>
0x20008548  33 33 09 40 AE 47 BD BF - 0A D7 93 3E 15 AE 1B 40 33.@.G.....>...@
0x20008558  EC 51 B4 BF B8 1E 45 3E - 7B 14 EA 3F 52 B8 E6 BF .Q....E>{..?R...
0x20008568  CD CC 9C 3F C3 F5 14 40 - D7 A3 08 C0 EC 51 50 3F ...?...@.....QP?
0x20008578  33 33 B3 3F EC 51 0A C0 - EC 51 18 BE EC 51 B4 3F 33.?.Q...Q...Q.?
0x20008588  3D 0A 03 C0 A4 70 6D 3F - B8 1E 8D 3F 9A 99 11 C0 =....pm?...?....
0x20008598  71 3D AA 3E 85 EB 39 3F - 29 5C E3 BF AE 47 A1 BF q=.>..9?)\...G..
0x200085A8  00 00 E0 BE A4 70 0B C0 - 1F 85 DB BE 66 66 A2 BF .....p......ff..
0x200085B8  7B 14 40 C0 C3 F5 E8 BF - 15 AE 9B C0 9A 99 98 C0 {.@.............
0x200085C8  EC 51 26 C0 00 00 21 C1 - 71 3D C6 C0 15 AE 29 C0 .Q&...!.q=....).
0x200085D8  00 40 98 C1 29 DC 12 C1 - CD CC 80 BF 0A 97 D4 C1 .@..)...........
0x200085E8  AE 47 D9 C0 B8 9E 17 C1 - AE E7 15 C2 5C 4F 8E C1 .G..........\O..
0x200085F8  E1 7A 17 41 F6 68 09 C2 - 00 80 78 C1 15 AE 06 41 .z.A.h....x....A
0x20008608  E1 FA 13 C2 1F 85 69 C1 - 85 EB 88 C0 48 21 F2 C1 ......i.....H!..
0x20008618  00 80 1D C1 D7 A3 08 C0 - 29 DC BC C1 7B 14 39 C1 ........)...{.9.
0x20008628  F6 28 74 BF 29 9C 9B C1 - A4 70 04 C1 7B 14 D5 C0 .(t.)....p..{...
0x20008638  CD 8C 9E C1 33 33 25 C1 - 7B 14 6A C0 15 6E DC C1 ....33%.{.j..n..
0x20008648  9A 99 3B C1 5C 8F CB C0 - B8 5E F4 C1 A4 70 6D C1 ..;.\....^...pm.
0x20008658  33 33 10 C1 CD 8C CF C1 - EC D1 14 C1 B8 9E 02 C1 33..............
0x20008668  D7 63 98 C1 29 DC 20 C1 - 71 3D 2A C0 5C CF 83 C1 .c..). .q=*.\...
0x20008678  5C 8F F5 C0 66 66 06 BF - AE C7 71 C1 48 E1 C2 C0 \...ff....q.H...
0x20008688  CD CC 80 3F 1F 85 7E C1 - CD CC E2 C0 EC 51 98 3F ...?..~......Q.?
0x20008698  9A 19 9C C1 7B 14 47 C1 - 5C 8F D2 3E F6 E8 A1 C1 ....{.G.\..>....
0x200086A8  15 2E 26 C1 EC 51 9F C0 - 8F 42 A2 C1 71 BD 1F C1 ..&..Q...B..q...
0x200086B8  EC 51 DE C0 52 B8 92 C1 - 48 61 31 C1 29 5C AB C0 .Q..R...Ha1.)\..
0x200086C8  F6 A8 7E C1 F6 A8 00 C1 - 29 5C 47 C0 CD CC 9C C1 ..~.....)\G.....
0x200086D8  9A 19 00 C1 C3 F5 68 3E - CD CC 70 C1 CD CC D4 C0 ......h>..p.....
0x200086E8  8F C2 6B 40 29 9C 9B C1 - E1 7A B3 C0 AE 47 A1 40 ..k@)....z...G.@
0x200086F8  66 A6 A0 C1 52 B8 DF C0 - AE 47 85 40 EC D1 B0 C1 f...R....G.@....
0x20008708  E1 7A C8 C0 A4 70 6D 3F - 0A 97 E2 C1 CD CC A3 C0 .z...pm?........
0x20008718  52 B8 84 40 00                                    R..@.           
