0x20008278  33 F3 AD 41 0A D7 9A C0 - 00 00 60 BE 3D 8A 06 42 3..A......`.=..B
0x20008288  48 E1 83 C0 EC 51 98 3E - 9A F9 0E 42 29 5C 0F C0 H....Q.>...B)\..
0x20008298  E1 7A C8 BF CD AC 08 42 - B8 1E E1 BF F6 28 F4 3F .z.....B.....(.?
0x200082A8  66 26 E3 41 85 EB 81 BE - 85 EB 1D C0 EC 91 8F 41 f&.A...........A
0x200082B8  D7 A3 32 C0 29 5C A4 C0 - 8F C2 5D 41 D7 A3 C0 BF ..2.)\....]A....
0x200082C8  15 AE 37 BF AE C7 32 41 - F6 28 F4 BF C3 F5 CC 3F ..7...2A.(.....?
0x200082D8  33 33 25 41 AE 47 3D C0 - 33 33 97 3F 3D 0A 34 41 33%A.G=.33.?=.4A
0x200082E8  48 E1 42 C0 D7 A3 16 40 - 66 66 45 41 8F C2 09 C0 H.B....@ffEA....
0x200082F8  D7 A3 F8 BF 48 E1 2D 41 - CD CC B8 BF CD CC 9C C0 ....H.-A........
0x20008308  7B 94 27 41 71 3D 38 C0 - 00 00 00 00 71 BD 18 41 {.'Aq=8.....q..A
0x20008318  F6 28 D8 BF AE 47 85 BF - E1 FA 0C 41 F6 28 20 C0 .(...G.....A.( .
0x20008328  8F C2 A5 3E A4 F0 54 41 - 1F 85 DB BE B8 1E 0D 40 ...>..TA.......@
0x20008338  52 38 16 41 C3 F5 14 C0 - 85 EB 9D 3F 15 2E 42 41 R8.A.......?..BA
0x20008348  0A D7 AF BF CD CC 9C 3F - 48 61 1C 41 33 33 CF BF .......?Ha.A33..
0x20008358  85 EB 01 BF C3 F5 22 41 - 9A 99 03 C0 3E 0A D7 3C ......"A....>..<
0x20008368  B8 9E 17 41 85 EB 0F C0 - 9A 99 C9 3E 48 61 46 41 ...A.......>HaFA
0x20008378  33 33 5D C0 9A 99 11 40 - EC D1 37 41 00 00 0C C0 33]....@..7A....
0x20008388  F6 28 F4 3F A4 F0 80 41 - D7 A3 C0 BE 48 E1 FA 3F .(.?...A....H..?
0x20008398  33 33 82 41 5C 8F 52 3F - 00 00 60 3E D7 A3 16 41 33.A\.R?..`>...A
0x200083A8  00 00 60 3E 00 00 36 C0 - 71 BD 03 41 E1 7A 64 BF ..`>..6.q..A.zd.
0x200083B8  7B 14 B2 3F 3D 0A D0 40 - 33 33 97 BF 48 E1 8A 3E {..?=..@33..H..>
0x200083C8  CD 4C 35 41 B8 1E 45 3F - 29 5C 2B 40 9A 99 34 41 .L5A..E?)\+@..4A
0x200083D8  33 33 B3 3D D7 A3 4E 40 - 71 3D 2A 41 9A 99 91 BF 33.=..N@q=*A....
0x200083E8  E1 7A E4 3F AE 47 28 41 - 3D 0A 9F BF 00 00 E0 3F .z.?.G(A=......?
0x200083F8  52 B8 04 41 00 00 C4 BF - 48 E1 8A 3F B8 1E 8D 40 R..A....H..?...@
0x20008408  85 EB 01 C0 F6 28 3C BF - 29 5C CE 40 85 EB 81 BE .....(<.)\.@....
0x20008418  85 EB 01 3F 0A D7 FC 40 - 33 33 B3 BD A4 70 99 BF ...?...@33...p..
0x20008428  F6 28 ED 40 29 5C FF BE - 15 AE 9B BF 33 33 F9 40 .(.@)\......33.@
0x20008438  3E 0A D7 BD 66 66 76 BF - 5C 8F 85 40 B8 1E A9 BF >...ffv.\..@....
0x20008448  AE 47 21 BE 15 AE A9 40 - B8 1E 0D 3F D7 A3 C0 BE .G!....@...?....
0x20008458  AE 47 21 3F 52 B8 AE BE - 3E 0A D7 BF 00 00 52 C0 .G!?R...>.....R.
0x20008468  F6 28 2E C0 85 EB F1 3E - 48 E1 42 C0 48 E1 34 C0 .(.....>H.B.H.4.
0x20008478  66 66 F6 3E 1F 85 E9 C0 - 0A D7 8C C0 EC 51 18 3E ff.>.........Q.>
0x20008488  1F 85 E2 C0 9A 99 A6 C0 - 33 33 B3 BE A4 70 20 C1 ........33...p .
0x20008498  00 00 D2 C0 33 33 B3 3E - 71 3D 00 C1 33 33 AC C0 ....33.>q=..33..
0x200084A8  F6 28 3C 3F 52 38 63 C1 - E1 7A DD C0 7B 14 08 C0 .(<?R8c..z..{...
0x200084B8  52 38 81 C1 3E 0A D7 C0 - 7B 14 81 40 15 6E AB C1 R8..>...{..@.n..
0x200084C8  0A D7 EE C0 AE 47 21 40 - EC D1 B0 C1 33 33 A5 C0 .....G!@....33..
0x200084D8  85 EB 81 C0 5C CF 98 C1 - A4 70 27 C0 C3 F5 C5 C0 ....\....p'.....
0x200084E8  EC D1 68 C1 7B 14 9D C0 - 15 AE 29 40 AE 47 4B C1 ..h.{.....)@.GK.
0x200084F8  8F C2 4F C0 AE 47 05 C0 - E1 BA 87 C1 F6 28 3C C0 ..O..G.......(<.
0x20008508  E1 7A 2C BF 15 6E 96 C1 - 29 5C C0 C0 66 66 86 BE .z,..n..)\..ff..
0x20008518  15 2E C9 C1 A4 70 7B C0 - 66 66 86 C0 C3 F5 F6 C1 .....p{.ff......
0x20008528  48 E1 D0 C0 33 33 6B C0 - 66 26 EA C1 66 66 A9 C0 H...33k.f&..ff..
0x20008538  8F C2 AC C0 E1 7A F2 C1 - E1 7A 72 C0 B8 1E FD C0 .....z...zr.....
0x20008548  EC 51 F3 C1 52 B8 AE C0 - AE 47 F5 C0 D7 A3 DC C1 .Q..R....G......
0x20008558  1F 85 23 BF 8F C2 82 C0 - B8 1E C5 C1 00 00 C4 BF ..#.............
0x20008568  3E 0A D7 3E 85 EB B9 C1 - 7B 14 24 C0 3E 0A 57 BF >..>....{.$.>.W.
0x20008578  A4 30 A9 C1 48 E1 0A BF - 3E 0A D7 3D 29 5C 9D C1 .0..H...>..=)\..
0x20008588  0A D7 CB BF C3 F5 E8 BF - 48 E1 91 C1 33 33 B3 BF ........H...33..
0x20008598  1F 85 5B C0 66 66 68 C1 - E1 7A 3A C0 29 5C E3 BF ..[.ffh..z:.)\..
0x200085A8  66 E6 4F C1 48 E1 18 C0 - A4 70 B5 BF 9A 19 31 C1 f.O.H....p....1.
0x200085B8  A4 70 51 C0 D7 A3 F8 BF - 71 3D 3F C1 B8 1E 45 C0 .pQ.....q=?...E.
0x200085C8  D7 A3 08 BF 1F 85 69 C1 - E1 7A 64 C0 85 EB 81 BE ......i..zd.....
0x200085D8  9A 19 7E C1 1F 85 C6 C0 - C3 F5 94 3F B8 5E 84 C1 ..~........?.^..
0x200085E8  0A D7 CB C0 85 EB 71 3E - 1F 85 95 C1 29 5C E3 C0 ......q>....)\..
0x200085F8  85 EB 0F C0 52 38 71 C1 - 7B 14 C0 C0 AE 47 D9 BF ....R8q.{....G..
0x20008608  29 DC 20 C1 5C 8F 85 C0 - D7 A3 08 3F 8F C2 C8 C0 ). .\......?....
0x20008618  00 00 60 BF F6 28 2E 40 - D7 23 21 C1 F6 28 A0 BF ..`..(.@.#!..(..
0x20008628  5C 8F 52 BF 8F C2 10 C1 - CD CC 00 C0 85 EB 81 C0 \.R.............
0x20008638  A4 F0 54 C1 1F 85 23 C0 - 33 33 C1 C0 71 3D 95 C1 ..T...#.33..q=..
0x20008648  66 66 8D C0 AE C7 16 C1 - 0A D7 60 C1 CD CC 46 C0 ff........`...F.
0x20008658  52 B8 5F C1 D7 A3 B2 C0 - CD CC 1C BF 3E 0A D7 BC R._.........>...
0x20008668  7B 14 4E 40 A4 70 ED 3F - 15 AE 45 41 48 E1 18 40 {.N@.p.?..EAH..@
0x20008678  00 00 60 3E F6 28 04 BF - C3 F5 BE 40 AE 47 85 3F ..`>.(.....@.G.?
0x20008688  71 3D 00 40 F6 28 99 40 - 15 AE 0D 40 D7 A3 81 40 q=.@.(.@...@...@
0x20008698  C3 F5 86 40 3E 0A 57 40 - 52 B8 CA 40 D7 A3 DC 40 ...@>.W@R..@...@
0x200086A8  71 3D E2 3F 33 33 EB 3F - CD CC 70 40 C3 F5 68 3E q=.?33.?..p@..h>
0x200086B8  B8 1E 45 BE 15 AE EF BF - F6 28 A0 BF D7 A3 24 40 ..E......(....$@
0x200086C8  66 66 06 BE 15 AE 37 BF - AE 47 BD 40 29 5C 01 C0 ff....7..G.@)\..
0x200086D8  7B 14 4E BF AE 47 A1 BD - 66 66 06 3E 5C 8F 1A BF {.N..G..ff.>\...
0x200086E8  52 B8 2E 40 66 66 F6 3E - F6 28 3C BF B8 1E 0D 40 R..@ff.>.(<....@
0x200086F8  29 5C 8F 3C 3D 0A BB BF - 85 EB 0F C0 29 5C 7F 3F )\.<=.......)\.?
0x20008708  66 66 F6 BF CD CC F0 BF - 1F 85 DB 3E 52 B8 66 BF ff.........>R.f.
0x20008718  1F 85 15 C0 00                                    .....           
