d &data[0], &data[98]
_____________^
*** error 34: undefined identifier
0x20008728  0A D7 52 41 D7 A3 08 3F - 71 BD 0A 41 9A 19 62 41 ..RA...?q..A..bA
0x20008738  8F C2 5D BF 85 6B 60 41 - 71 BD 65 41 EC 51 EC BF ..]..k`Aq.eA.Q..
0x20008748  EC 51 5E 41 C3 F5 6F 41 - D7 A3 96 40 8F 02 9D 41 .Q^A..oA...@...A
0x20008758  F6 68 B3 41 E1 7A 64 3F - 52 38 08 42 29 DC C3 41 .h.A.zd?R8.B)..A
0x20008768  F6 28 99 40 AE 47 F5 41 - AE 47 8C 41 1F 85 31 40 .(.@.G.A.G.A..1@
0x20008778  3E 4A F1 41 E1 3A 84 41 - 9A 99 AD 3F 1F 85 C6 41 >J.A.:.A...?...A
0x20008788  00 80 2B 41 48 E1 8A 3F - 5C 8F 85 41 85 6B 0C 41 ..+AH..?\..A.k.A
0x20008798  9A 99 73 40 1F 05 0B 41 - 7B 14 32 41 29 5C 8F 3F ..s@...A{.2A)\.?
0x200087A8  E1 FA 3D 41 0A 57 41 41 - 66 66 F6 BF 29 1C C2 41 ..=A.WAAff..)..A
0x200087B8  D7 A3 40 41 F6 28 3C 3F - 85 AB 91 41 CD CC FE 40 ..@A.(<?...A...@
0x200087C8  1F 85 4D 40 E1 7A 33 41 - 66 E6 41 41 9A 99 C9 BF ..M@.z3Af.AA....
0x200087D8  CD 0C B7 41 48 61 3F 41 - 66 66 76 BF 29 5C B9 41 ...AHa?Affv.)\.A
0x200087E8  52 B8 0B 41 85 EB 2B 40 - 7B 94 8B 41 48 E1 57 41 R..A..+@{..AH.WA
0x200087F8  CD CC 9C BF 1F 85 BF 41 - 48 E1 73 41 B8 1E C5 BF .......AH.sA....
0x20008808  1F 45 C8 41 0A 57 3A 41 - 1F 85 87 3F C3 75 8A 41 .E.A.W:A...?.u.A
0x20008818  8F C2 56 41 66 66 06 3F - 00 80 8F 41 B8 9E 56 41 ..VAff.?...A..VA
0x20008828  8F C2 25 BF 52 B8 51 41 - CD CC 4D 41 85 EB B9 3F ..%.R.QA..MA...?
0x20008838  7B 94 4A 41 A4 70 4A 41 - 48 E1 7A BF 71 3D 54 41 {.JA.pJAH.z.q=TA
0x20008848  5C 0F 25 41 66 66 86 BF - 66 26 81 41 00 00 21 41 \.%Aff..f&.A..!A
0x20008858  EC 51 18 BF 48 21 9E 41 - 1F 05 4A 41 8F C2 5D C0 .Q..H!.A..JA..].
0x20008868  52 38 AB 41 B8 1E 30 41 - 52 B8 AE BE D7 A3 0F 41 R8.A..0AR......A
0x20008878  00 80 32 41 3D 0A 1F C0 - 29 5C 8F BD 7B 14 39 41 ..2A=...)\..{.9A
0x20008888  C3 F5 5A C0 AE 47 21 41 - A4 70 4A 41 71 3D CD C0 ..Z..G!A.pJAq=..
0x20008898  EC 51 42 41 52 B8 A7 40 - 7B 14 4E BE C3 F5 9B C0 .QBAR..@{.N.....
0x200088A8  C3 F5 A2 40 7B 14 CE 3F - 71 3D 62 C0 15 2E 03 41 ...@{..?q=b....A
0x200088B8  B8 1E 45 C0 1F 85 BF 3F - 52 B8 E6 40 7B 14 5C C0 ..E....?R..@{.\.
0x200088C8  48 E1 FA 3E 9A 99 E5 3F - 52 B8 AE 40 00 00 C4 3F H..>...?R..@...?
0x200088D8  B8 9E 25 41 3D 0A 49 C0 - 3D 0A 9F 40 C3 F5 5A 41 ..%A=.I.=..@..ZA
0x200088E8  29 DC 20 C1 B8 1E E1 3F - AE 47 B6 40 3E 0A D7 BE ). ....?.G.@>...
0x200088F8  48 E1 FA BE B8 1E A9 40 - CD CC B8 BF 52 B8 AE 40 H......@....R..@
0x20008908  71 3D 8E 40 71 3D 95 C0 - EC 51 8A 40 1F 85 3F 40 q=.@q=...Q.@..?@
0x20008918  A4 70 99 BF F6 28 3C 3F - F6 28 04 3F B8 1E 0D C0 .p...(<?.(.?....
0x20008928  52 B8 66 C0 AE 47 A1 3E - C3 F5 06 C0 D7 A3 16 C0 R.f..G.>........
0x20008938  52 B8 04 C0 AE 47 4B C0 - D7 A3 78 C0 85 EB 9D BF R....GK...x.....
0x20008948  29 5C 7F C0 71 3D 1C C0 - 85 EB F1 3E 48 E1 42 C0 )\..q=.....>H.B.
0x20008958  CD CC 38 C0 EC 51 50 C0 - AE 47 67 C0 EC 51 C2 C0 ..8..QP..Gg..Q..
0x20008968  D7 A3 32 C0 AE 47 BD BF - 15 AE 3E C1 7B 14 C7 C0 ..2..G....>.{...
0x20008978  3D 0A 49 C0 5C 8F FC C0 - 00 80 1D C1 1F 85 31 C0 =.I.\.........1.
0x20008988  0A D7 52 C1 8F C2 B3 C0 - A4 70 0B C0 85 2B BF C1 ..R......p...+..
0x20008998  CD 4C 19 C1 8F C2 AC C0 - 3D 0A 91 C1 E1 7A 3A C1 .L......=....z:.
0x200089A8  85 EB DC C0 C3 B5 C7 C1 - CD 8C AC C1 F6 28 58 40 .............(X@
0x200089B8  9A 19 FE C1 D7 23 3D C1 - 85 EB 01 C1 3D 4A A4 C1 .....#=.....=J..
0x200089C8  D7 A3 47 C1 1F 45 82 C1 - D7 63 9F C1 E1 7A BA C1 ..G..E...c...z..
0x200089D8  A4 F0 1C C1 52 F8 D6 C1 - AE 47 A1 C1 00 80 1D C1 ....R....G......
0x200089E8  29 9C E1 C1 F6 68 C8 C1 - D7 A3 01 C1 F6 A8 BF C1 )....h..........
0x200089F8  33 33 CF C1 3D 8A 29 C1 - 0A D7 E0 C1 66 26 B9 C1 33..=.).....f&..
0x20008A08  EC 51 03 C1 33 B3 AF C1 - 1F 05 ED C1 C3 F5 EF C0 .Q..3...........
0x20008A18  C3 35 FC C1 F6 E8 CB C1 - F6 28 66 C0 AE C7 A4 C1 .5.......(f.....
0x20008A28  15 2E D0 C1 71 BD 03 C1 - 00 40 98 C1 8F 02 C7 C1 ....q....@......
0x20008A38  EC D1 22 C1 71 7D 9A C1 - 48 61 DB C1 7B 14 08 C0 ..".q}..Ha..{...
0x20008A48  7B 54 FD C1 7B 94 A7 C1 - B8 1E CC C0 85 EB B2 C1 {T..{...........
0x20008A58  71 FD A4 C1 8F C2 90 C0 - EC D1 E1 C1 5C CF 9F C1 q...........\...
0x20008A68  8F C2 25 C0 71 9D 0B C2 - 15 AE 94 C1 9A 99 57 C0 ..%.q.........W.
0x20008A78  52 F8 F2 C1 29 DC 3C C1 - 29 5C 96 C0 5C 8F 1A C1 R...).<.)\..\...
0x20008A88  E1 FA 67 C1 85 EB 39 BF - 00 00 93 C1 3E 0A 65 C1 ..g...9.....>.e.
0x20008A98  F6 28 8B C0 8F C2 6B C0 - F6 E8 93 C1 29 DC 04 C1 .(....k.....)...
0x20008AA8  5C 0F 02 C1 48 A1 D2 C1 - 00 00 EE C0 29 DC 7B C1 \...H.......).{.
0x20008AB8  F6 28 D8 C1 9A 99 F3 C0 - D7 A3 4E C1 15 6E FF C1 .(........N..n..
0x20008AC8  C3 75 18 C1 7B D4 97 C1 - C3 75 D7 C1 66 66 4C C1 .u..{....u..ffL.
0x20008AD8  F6 28 8B C1 8F 42 6F C1 - 29 5C 0F C0 F6 68 89 C1 .(...Bo.)\...h..
0x20008AE8  7B 14 C7 C0 15 AE 53 C0 - B8 1E 3E C1 0A D7 93 3F {.....S...>....?
0x20008AF8  66 66 F6 BE 52 B8 AE C1 - AE 47 AF 40 52 B8 AE BE ff..R....G.@R...
0x20008B08  9A 19 A3 C1 7B 14 78 40 - 9A 99 8A C0 1F 05 7B C1 ....{.x@......{.
0x20008B18  71 3D C6 BF 7B 14 24 C0 - 0A D7 05 C1 0A D7 0C C1 q=..{.$.........
0x20008B28  C3 F5 22 C0 AE 47 67 C0 - F6 28 BC BF F6 28 3C C0 .."..Gg..(...(<.
0x20008B38  0A D7 CB 3F F6 28 04 BF - 71 3D 00 C0 7B 14 40 40 ...?.(..q=..{.@@
0x20008B48  5C 8F EE 3F CD CC 0E C0 - 29 5C C0 40 71 3D C6 3F \..?....)\.@q=.?
0x20008B58  F6 28 20 C0 F6 28 B5 40 - 15 AE 45 40 8F C2 A5 BE .( ..(.@..E@....
0x20008B68  29 5C 96 40 8F C2 5D 3F - 48 E1 8A BF F6 28 3C 3E )\.@..]?H....(<>
0x20008B78  48 E1 C2 3F C3 F5 E8 3D - D7 A3 DC 3F B8 1E 94 40 H..?...=...?...@
0x20008B88  A4 70 35 BF 1F 85 87 40 - 7B 14 08 40 00 00 8C 3F .p5....@{..@...?
0x20008B98  7B 14 16 BF 15 AE 94 40 - F6 28 BC 3E 85 EB 8F 40 {......@.(.>...@
0x20008BA8  15 AE 61 40 AE 47 A1 3D - 66 66 86 3E 1F 85 5B 40 ..a@.G.=ff.>..[@
0x20008BB8  00 00 60 BF 71 3D 2A 3F - 85                      ..`.q=*?.       
