0x20008728  33 33 B3 3E 7B 14 24 C0 - 48 E1 7A BE CD CC 2A C0 33.>{.$.H.z...*.
0x20008738  1F 85 DB BF 9A 99 E5 BF - 5C 8F B6 BF A4 70 43 C0 ........\....pC.
0x20008748  66 66 06 BF E1 7A 3A C0 - B8 1E 37 C0 33 33 B3 BF ff...z:...7.33..
0x20008758  71 3D 00 C0 00 00 60 BF - 71 3D 62 BF AE 47 59 BF q=....`.q=b..GY.
0x20008768  33 33 5D C0 1F 85 BF BF - B8 1E 6F C0 1F 85 15 C0 33].......o.....
0x20008778  5C 8F 1A C0 33 33 89 C0 - 85 EB 01 C0 1F 85 15 C0 \...33..........
0x20008788  E1 7A 10 C1 52 B8 66 BF - A4 70 D8 C0 33 33 48 C1 .z..R.f..p..33H.
0x20008798  AE 47 05 C0 3D 0A 2D C1 - 0A D7 44 C1 33 33 EB BF .G..=.-...D.33..
0x200087A8  71 3D 2A C1 E1 7A 33 C1 - 15 AE 6F C0 48 E1 1F C1 q=*..z3...o.H...
0x200087B8  C3 75 03 C1 3E 0A F3 BF - CD CC E2 C0 A4 70 99 C0 .u..>........p..
0x200087C8  A4 70 5F C0 29 5C 7F C0 - D7 A3 B2 C0 33 33 17 C0 .p_.)\......33..
0x200087D8  33 33 A5 C0 AE 47 21 C0 - 7B 14 40 C0 29 5C AB C0 33...G!.{.@.)\..
0x200087E8  E1 7A 72 C0 7B 14 5C C0 - EC 51 AD C0 0A D7 A1 C0 .zr.{.\..Q......
0x200087F8  66 66 68 C0 66 66 B7 C0 - AE C7 40 C1 00 00 8C C0 ffh.ff....@.....
0x20008808  15 AE EF C0 85 6B 85 C1 - 9A 99 83 C0 AE 47 36 C1 .....k.......G6.
0x20008818  29 9C 8D C1 00 00 C4 C0 - 48 61 3F C1 85 6B A8 C1 ).......Ha?..k..
0x20008828  5C 8F 85 C0 00 80 47 C1 - 66 E6 A5 C1 E1 7A 90 C0 \.....G.f....z..
0x20008838  CD 4C 27 C1 5C 8F 9A C1 - 5C 8F 60 C0 85 EB 24 C1 .L'.\...\.`...$.
0x20008848  CD 8C 82 C1 00 00 52 C0 - B8 9E 25 C1 EC 51 83 C1 ......R...%..Q..
0x20008858  66 66 F6 BF D7 A3 01 C1 - CD 4C 35 C1 7B 14 B2 BF ff.......L5.{...
0x20008868  AE 47 EE C0 1F 85 2A C1 - C3 F5 E8 BF E1 7A C8 C0 .G....*......z..
0x20008878  A4 F0 15 C1 00 00 C4 BF - 15 AE C5 C0 66 66 F6 C0 ............ff..
0x20008888  D7 A3 DC BF AE 47 CB C0 - 33 33 02 C1 29 5C C7 BF .....G..33..)\..
0x20008898  AE C7 01 C1 0A D7 21 C1 - 0A D7 13 BF 29 DC 2E C1 ......!.....)...
0x200088A8  7B 94 51 C1 EC 51 18 3F - C3 75 49 C1 B8 1E 76 C1 {.Q..Q.?.uI...v.
0x200088B8  CD CC B8 3F 85 EB 4E C1 - 48 61 87 C1 00 00 C4 3F ...?..N.Ha.....?
0x200088C8  D7 A3 4E C1 7B 94 74 C1 - B8 1E 45 3E 33 33 3A C1 ..N.{.t...E>33:.
0x200088D8  C3 75 65 C1 66 66 06 BF - 1F 05 43 C1 D7 23 52 C1 .ue.ff....C..#R.
0x200088E8  33 33 33 BF 0A 57 1E C1 - 66 E6 1E C1 9A 99 1F C0 333..W..f.......
0x200088F8  29 DC 12 C1 CD 4C 27 C1 - EC 51 0A C0 00 00 FC C0 )....L'..Q......
0x20008908  52 B8 19 C1 15 AE 37 C0 - B8 1E DA C0 52 B8 8B C0 R.....7.....R...
0x20008918  AE 47 2F C0 8F C2 5D C0 - 1F 85 DB BE 9A 99 11 C0 .G/...].........
0x20008928  CD CC 80 C0 15 AE D3 BF - F6 28 74 BF A4 70 D1 BF .........(t..p..
0x20008938  48 E1 7A BF 15 AE 9B BF - 5C 8F EE BF 8F C2 25 40 H.z.....\.....%@
0x20008948  66 66 14 C0 D7 A3 C0 BE - 00 00 44 40 3D 0A 11 C0 ff........D@=...
0x20008958  0A D7 13 3F 48 E1 0A 40 - CD CC 9C BE 52 B8 CA 3F ...?H..@....R..?
0x20008968  29 5C 81 40 5C 8F 36 C0 - CD CC 46 40 85 EB D5 3F )\.@\.6...F@...?
0x20008978  85 EB 01 C0 D7 A3 F8 3F - 8F C2 5D 40 9A 99 1F C0 .......?..]@....
0x20008988  3E 0A F3 3F AE 47 8C 40 - 66 66 30 C0 F6 28 84 40 >..?.G.@ff0..(.@
0x20008998  29 5C 08 41 85 EB 0F C0 - 48 E1 18 40 C3 F5 EF 40 )\.A....H..@...@
0x200089A8  00 00 FC BF A4 70 99 40 - 5C 0F 1E 41 C3 F5 B0 BF .....p.@\..A....
0x200089B8  B8 1E DA 40 F6 28 66 41 - CD CC 1C C0 5C 8F 13 41 ...@.(fA....\..A
0x200089C8  66 66 68 41 8F C2 C1 BF - 8F C2 41 41 7B D4 97 41 ffhA......AA{..A
0x200089D8  C3 F5 22 C0 66 66 22 41 - 9A 99 83 41 71 3D 80 C0 ..".ff"A...Aq=..
0x200089E8  8F C2 25 41 29 DC 66 41 - EC 51 83 C0 EC D1 30 41 ..%A).fA.Q....0A
0x200089F8  3D 4A A4 41 D7 A3 8F C0 - A4 70 6D 41 5C 0F AC 41 =J.A.....pmA\..A
0x20008A08  33 33 25 C0 66 66 68 41 - 66 66 CC 41 CD CC 1C 3F 33%.ffhAff.A...?
0x20008A18  00 00 85 41 48 A1 E7 41 - B8 1E C5 BD 7B 14 78 41 ...AH..A....{.xA
0x20008A28  A4 30 E8 41 5C 8F 9A BF - F6 A8 8E 41 F6 28 CA 41 .0.A\......A.(.A
0x20008A38  33 33 B3 BE 0A D7 75 41 - 9A 99 D7 41 3E 0A F3 BF 33....uA...A>...
0x20008A48  3D CA 84 41 7B D4 90 41 - 52 B8 AE 3E 9A 59 93 41 =..A{..AR..>.Y.A
0x20008A58  52 38 63 41 15 AE B7 BE - 5C 0F 64 41 33 33 2C 41 R8cA....\.dA33,A
0x20008A68  1F 85 5B 3F 5C 0F 25 41 - 48 E1 D0 40 00 00 8C BF ..[?\.%AH..@....
0x20008A78  7B 14 FF 40 3D 0A 0A 41 - 66 66 76 C0 F6 A8 2A 41 {..@=..Affv...*A
0x20008A88  7B 94 27 41 AE 47 21 C0 - 33 33 17 41 7B 94 6D 41 {.'A.G!.33.A{.mA
0x20008A98  E1 7A C8 BF 85 6B 3D 41 - B8 1E 6F 41 0A D7 13 BF .z...k=A..oA....
0x20008AA8  A4 70 27 41 29 5C 55 41 - 00 00 E0 3E 8F C2 02 41 .p'A)\UA...>...A
0x20008AB8  F6 A8 54 41 71 3D AA BF - 48 E1 03 41 C3 75 3B 41 ..TAq=..H..A.u;A
0x20008AC8  AE 47 2F C0 0A D7 E7 40 - 5C 0F 3A 41 7B 14 96 BF .G/....@\.:A{...
0x20008AD8  1F 85 E2 40 AE C7 24 41 - 15 AE 53 C0 15 AE F6 40 ...@..$A..S....@
0x20008AE8  C3 F5 45 41 5C 8F 9A BF - 85 6B 13 41 85 6B 1A 41 ..EA\....k.A.k.A
0x20008AF8  85 EB 39 C0 C3 F5 F6 40 - 7B 94 0B 41 71 3D AA BE ..9....@{..Aq=..
0x20008B08  9A 99 D0 40 7B 14 01 41 - F6 28 A0 BF 0A D7 AF 40 ...@{..A.(.....@
0x20008B18  A4 70 E6 40 85 EB F1 BF - 33 33 BA 40 AE 47 21 41 .p.@....33.@.G!A
0x20008B28  9A 99 57 C0 71 3D 00 41 - 52 B8 20 41 F6 28 F4 BF ..W.q=.AR. A.(..
0x20008B38  29 5C 16 41 EC 51 26 41 - 3E 0A D7 BE EC 51 26 41 )\.A.Q&A>....Q&A
0x20008B48  9A 99 F3 40 52 B8 AE BE - AE 47 BD 40 A4 70 51 40 ...@R....G.@.pQ@
0x20008B58  CD CC 00 C0 85 EB F1 BE - 66 66 06 BF 66 66 BE BF ........ff..ff..
0x20008B68  85 EB 71 C0 AE 47 9A C0 - 52 B8 84 C0 5C 8F 60 C0 ..q..G..R...\.`.
0x20008B78  00 80 0F C1 15 AE 37 BF - F6 28 CA C0 00 00 13 C1 ......7..(......
0x20008B88  15 AE 0D C0 8F C2 9E C0 - B8 1E A9 C0 CD CC F0 BF ................
0x20008B98  F6 28 F4 BF D7 A3 C0 3E - 9A 99 57 C0 AE 47 A1 3D .(.....>..W..G.=
0x20008BA8  33 33 4F 40 CD CC 1C C0 - 48 E1 0A 40 85 EB 0F 40 33O@....H..@...@
0x20008BB8  52 B8 04 C0 00 00 A8 3F - 3E                      R......?>       
