log > truedata_28_01.log
*** error 63: logfile already active
0x20008728  7B 14 4E 3F C3 F5 68 BF - 85 EB 71 3F 85 EB 71 3F {.N?..h...q?..q?
0x20008738  CD CC 46 C0 5C 8F 52 3F - AE 47 A1 3E 71 3D 38 C0 ..F.\.R?.G.>q=8.
0x20008748  15 AE 37 BF 9A 99 C9 BE - C3 F5 86 C0 7B 14 24 40 ..7.........{.$@
0x20008758  66 66 F6 BE 52 B8 A0 C0 - C3 F5 14 40 29 5C 8F 3F ff..R......@)\.?
0x20008768  15 AE 0D C0 7B 14 96 3F - 85 EB 81 BE 9A 99 49 C0 ....{..?......I.
0x20008778  E1 7A 2C 3F A4 70 ED BE - 00 00 6E C0 66 66 76 3F .z,?.p....n.ffv?
0x20008788  48 E1 26 40 0A D7 75 C0 - E1 7A 56 40 1F 85 77 40 H.&@..u..zV@..w@
0x20008798  71 3D 9C C0 E1 7A 1E 40 - 9A 19 15 41 52 B8 A7 C0 q=...z.@...AR...
0x200087A8  CD CC 95 40 3D 8A 30 41 - 9A 99 03 C1 15 AE E8 40 ...@=.0A.......@
0x200087B8  A4 F0 8E 41 8F C2 89 C0 - 7B 94 27 41 66 E6 9E 41 ...A....{.'Af..A
0x200087C8  E1 7A 3A C0 48 E1 73 41 - A4 B0 9E 41 3D 0A 9F 3F .z:.H.sA...A=..?
0x200087D8  D7 A3 C7 40 5C 4F CD 41 - 0A D7 8C 40 EC D1 06 41 ...@\O.A...@...A
0x200087E8  E1 FA BD 41 A4 70 6D 3F - 5C 8F 75 41 C3 B5 B9 41 ...A.pm?\.uA...A
0x200087F8  48 E1 03 41 E1 7A 48 41 - 85 6B E0 41 B8 1E 1B 40 H..A.zHA.k.A...@
0x20008808  EC 91 81 41 5C 8F C4 41 - 0A D7 AF BF 15 AE 86 41 ...A\..A.......A
0x20008818  7B D4 C1 41 29 5C AB 3F - D7 A3 D5 41 0A 17 BC 41 {..A)\.?...A...A
0x20008828  3D 0A 9F BF 66 E6 D6 41 - D7 A3 8F 41 7B 14 4E C0 =...f..A...A{.N.
0x20008838  EC 51 9F 41 48 A1 9A 41 - B8 1E 45 BF AE 07 8E 41 .Q.AH..A..E....A
0x20008848  9A 19 95 41 33 33 17 C0 - AE C7 C0 41 52 B8 6D 41 ...A33.....AR.mA
0x20008858  00 00 1A 40 00 40 A6 41 - 85 EB 78 41 D7 A3 DC 3F ...@.@.A..xA...?
0x20008868  8F 82 B5 41 9A 19 62 41 - 71 3D 38 40 A4 70 BC 41 ...A..bAq=8@.p.A
0x20008878  CD CC 4D 41 33 33 CF 3F - 48 A1 9A 41 CD CC 46 41 ..MA33.?H..A..FA
0x20008888  B8 1E 0D 40 15 6E 96 41 - 7B 94 66 41 48 E1 AD 40 ...@.n.A{.fAH..@
0x20008898  66 E6 2C 41 7B 94 8B 41 - 7B 14 B2 40 0A 57 72 41 f.,A{..A{..@.WrA
0x200088A8  71 BD 83 41 AE 47 21 40 - EC D1 A9 41 EC 51 57 41 q..A.G!@...A.QWA
0x200088B8  F6 28 4A 40 33 B3 93 41 - 8F C2 56 41 66 66 A2 40 .(J@3..A..VAff.@
0x200088C8  33 33 90 41 52 B8 99 41 - 71 3D 80 40 71 3D 62 41 33.AR..Aq=.@q=bA
0x200088D8  B8 5E 8B 41 00 00 FC 3F - A4 70 A7 41 8F C2 79 41 .^.A...?.p.A..yA
0x200088E8  EC 51 18 3F 52 78 8D 41 - 15 2E 73 41 3D 0A 11 40 .Q.?Rx.A..sA=..@
0x200088F8  71 FD AB 41 CD CC 2A 41 - C3 F5 B0 BF E1 7A C1 41 q..A..*A.....z.A
0x20008908  8F 42 1B 41 8F C2 F9 3F - 52 78 E1 41 7B 14 01 41 .B.A...?Rx.A{..A
0x20008918  00 00 A8 3F CD 4C D1 41 - 33 33 D6 40 3D 0A AD 40 ...?.L.A33.@=..@
0x20008928  5C 8F 93 41 8F 42 14 41 - 29 5C 63 40 15 6E C7 41 \..A.B.A)\c@.n.A
0x20008938  66 E6 2C 41 C3 F5 3E 40 - EC 11 9A 41 CD CC 38 41 f.,A..>@...A..8A
0x20008948  D7 A3 4E 40 E1 7A 6B 41 - 0A D7 2F 41 CD CC D4 3F ..N@.zkA../A...?
0x20008958  7B 94 2E 41 48 E1 F3 40 - EC 51 0A C0 0A 57 17 41 {..AH..@.Q...W.A
0x20008968  52 B8 E6 3F 29 5C 0F BD - F6 28 AE 40 85 EB 01 3F R..?)\...(.@...?
0x20008978  52 B8 CA BF 52 B8 92 3F - 5C 8F 9A BF 15 AE 9B BF R...R..?\.......
0x20008988  33 33 EB BF F6 28 84 BF - 5C 8F B6 BF B8 1E 7D BF 33...(..\.....}.
0x20008998  7B 14 CE BE 71 3D 46 C0 - 9A 99 49 BF 85 EB 71 BE {...q=F...I...q.
0x200089A8  48 E1 8A BF 1F 85 87 BF - B8 1E E1 BF 9A 99 49 C0 H.............I.
0x200089B8  5C 8F 60 C0 0A D7 93 C0 - 71 3D 2A C0 85 6B 3D C1 \.`.....q=*..k=.
0x200089C8  A4 70 DF C0 9A 99 AD BF - E1 FA 3D C1 33 33 AC C0 .p........=.33..
0x200089D8  A4 70 43 C0 3D 0A 49 C1 - A4 F0 07 C1 1F 85 77 C0 .pC.=.I.......w.
0x200089E8  EC 51 D0 C1 EC 51 D7 C0 - EC 51 BB C0 85 EB 9D C1 .Q...Q...Q......
0x200089F8  EC 51 D0 C0 9A 99 9F C0 - 15 2E 3B C1 66 66 D3 C0 .Q........;.ff..
0x20008A08  00 00 7C C0 33 B3 60 C1 - 00 00 FC C0 3D 0A B4 C0 ..|.3.`.....=...
0x20008A18  C3 F5 68 C1 7B 14 16 C1 - 48 E1 7A C0 9A D9 96 C1 ..h.{...H.z.....
0x20008A28  EC 51 1F C1 9A 99 91 C0 - 0A 97 8E C1 48 61 0E C1 .Q..........Ha..
0x20008A38  15 AE B0 C0 29 1C 91 C1 - CD CC FE C0 CD CC 46 C0 ....).........F.
0x20008A48  15 2E 6C C1 D7 A3 F1 C0 - 7B 14 6A C0 15 EE 92 C1 ..l.....{.j.....
0x20008A58  9A 99 F3 C0 00 00 0C C1 - 85 2B CD C1 EC D1 9B C1 .........+......
0x20008A68  85 EB 0F C1 52 78 E8 C1 - 0A D7 BD C1 D7 A3 40 C1 ....Rx........@.
0x20008A78  D7 A3 16 C2 29 DC BC C1 - 1F C5 93 C1 71 3D 15 C2 ....).......q=..
0x20008A88  1F 05 FB C1 B8 9E 4F C1 - EC 91 39 C2 1F 05 0B C2 ......O...9.....
0x20008A98  B8 9E 41 C1 7B F4 5C C2 - C3 F5 BE C1 B8 1E 86 C1 ..A.{.\.........
0x20008AA8  F6 68 EB C1 00 40 AD C1 - 52 B8 66 C1 5C CF EC C1 .h...@..R.f.\...
0x20008AB8  9A 99 9F C1 00 00 D9 C0 - 52 38 AB C1 B8 1E 30 C1 ........R8....0.
0x20008AC8  8F C2 79 C0 48 61 70 C1 - 1F 85 0E C1 3D 0A BB BF ..y.Hap.....=...
0x20008AD8  9A 99 6C C1 E1 7A AC C0 - 5C 8F D2 BF A4 70 6D C1 ..l..z..\....pm.
0x20008AE8  3D 0A 9F C0 C3 F5 B0 BF - 9A 19 77 C1 33 B3 0C C1 =.........w.3...
0x20008AF8  9A 99 11 C0 5C 8F 2F C1 - 66 E6 41 C1 B8 1E 7D BF ....\./.f.A...}.
0x20008B08  B8 1E 6F C1 F6 28 5F C1 - 00 00 FC BF 5C 0F 6B C1 ..o..(_.....\.k.
0x20008B18  66 A6 84 C1 15 AE 61 C0 - 71 BD 7A C1 5C 4F 8E C1 f.....a.q.z.\O..
0x20008B28  F6 28 74 BF 71 3D B8 C1 - B8 9E 64 C1 48 E1 8A 3E .(t.q=....d.H..>
0x20008B38  66 A6 AE C1 E1 FA 60 C1 - 0A D7 2F C0 33 73 D4 C1 f.....`.../.3s..
0x20008B48  3E 8A 68 C1 0A D7 4B 3F - AE 07 DB C1 5C 0F 33 C1 >.h...K?....\.3.
0x20008B58  CD CC B1 40 1F 05 FB C1 - 3D 0A C9 C0 0A D7 67 40 ...@....=.....g@
0x20008B68  B8 1E E1 C1 1F 85 E9 C0 - 7B 14 08 40 B8 DE BF C1 ........{..@....
0x20008B78  8F 42 53 C1 AE 47 2F C0 - 33 B3 CB C1 D7 A3 EA C0 .BS..G/.3.......
0x20008B88  29 5C 8F 3E 00 40 BB C1 - 66 66 29 C1 00 00 93 C0 )\.>.@..ff).....
0x20008B98  15 2E 65 C1 48 E1 83 C1 - C3 F5 94 C0 33 F3 C9 C1 ..e.H.......3...
0x20008BA8  A4 F0 3F C1 F6 28 66 C0 - 48 61 AA C1 AE 47 3D C0 ..?..(f.Ha...G=.
0x20008BB8  E1 7A 72 C0 00 80 88 C1 - E1                      .zr......       
